2023-09-21 01:20:37,269 [INFO] LogOutputStream:77 - [STDOUT_REDIRECT] StartTraceHandler.execute(), success : Collect=false
2023-09-21 01:20:46,575 [INFO] LogOutputStream:77 - [STDOUT_REDIRECT] StartTraceHandler.execute(), success : Collect=true
2023-09-21 01:23:49,721 [INFO] LogOutputStream:77 - [STDOUT_REDIRECT] StartTraceHandler.execute(), success : Collect=false
2023-09-21 01:23:54,164 [INFO] LogOutputStream:77 - [STDOUT_REDIRECT] StartTraceHandler.execute(), success : Collect=true
2023-09-21 01:25:38,337 [INFO] LogOutputStream:77 - [STDOUT_REDIRECT] StartTraceHandler.execute(), success : Collect=false
2023-09-21 01:25:52,462 [INFO] LogOutputStream:77 - [STDOUT_REDIRECT] StartTraceHandler.execute(), success : Collect=true
2023-09-21 01:26:00,394 [INFO] LogOutputStream:77 - [STDOUT_REDIRECT] StartTraceHandler.execute(), success : Collect=false
2023-09-21 01:26:01,447 [INFO] LogOutputStream:77 - [STDOUT_REDIRECT] StartTraceHandler.execute(), success : Collect=true
2023-09-21 01:28:16,116 [INFO] LogOutputStream:77 - [STDOUT_REDIRECT] StartTraceHandler.execute(), success : Collect=false
2023-09-21 01:28:18,056 [INFO] LogOutputStream:77 - [STDOUT_REDIRECT] StartTraceHandler.execute(), success : Collect=true
2023-09-21 12:35:50,485 [ERROR] LogOutputStream:75 - [STDERR_REDIRECT] Exception in thread "AWT-EventQueue-0" org.eclipse.swt.SWTException: Device is disposed
2023-09-21 12:35:50,485 [ERROR] LogOutputStream:75 - [STDERR_REDIRECT] 	at org.eclipse.swt.SWT.error(SWT.java:4918)
2023-09-21 12:35:50,486 [ERROR] LogOutputStream:75 - [STDERR_REDIRECT] 	at org.eclipse.swt.SWT.error(SWT.java:4833)
2023-09-21 12:35:50,486 [ERROR] LogOutputStream:75 - [STDERR_REDIRECT] 	at org.eclipse.swt.SWT.error(SWT.java:4804)
2023-09-21 12:35:50,486 [ERROR] LogOutputStream:75 - [STDERR_REDIRECT] 	at org.eclipse.swt.widgets.Display.error(Display.java:1272)
2023-09-21 12:35:50,487 [ERROR] LogOutputStream:75 - [STDERR_REDIRECT] 	at org.eclipse.swt.widgets.Display.asyncExec(Display.java:789)
2023-09-21 12:35:50,492 [ERROR] LogOutputStream:75 - [STDERR_REDIRECT] 	at com.st.stm32cube.common.mx.oss.core.awtswtbridge.AwtEnvironment$2.run(AwtEnvironment.java:168)
2023-09-21 12:35:50,492 [ERROR] LogOutputStream:75 - [STDERR_REDIRECT] 	at java.desktop/java.awt.event.InvocationEvent.dispatch(InvocationEvent.java:313)
2023-09-21 12:35:50,506 [ERROR] LogOutputStream:75 - [STDERR_REDIRECT] 	at java.desktop/java.awt.EventQueue.dispatchEventImpl(EventQueue.java:770)
2023-09-21 12:35:50,507 [ERROR] LogOutputStream:75 - [STDERR_REDIRECT] 	at java.desktop/java.awt.EventQueue$4.run(EventQueue.java:721)
2023-09-21 12:35:50,508 [ERROR] LogOutputStream:75 - [STDERR_REDIRECT] 	at java.desktop/java.awt.EventQueue$4.run(EventQueue.java:715)
2023-09-21 12:35:50,509 [ERROR] LogOutputStream:75 - [STDERR_REDIRECT] 	at java.base/java.security.AccessController.doPrivileged(Native Method)
2023-09-21 12:35:50,509 [ERROR] LogOutputStream:75 - [STDERR_REDIRECT] 	at java.base/java.security.ProtectionDomain$JavaSecurityAccessImpl.doIntersectionPrivilege(ProtectionDomain.java:85)
2023-09-21 12:35:50,510 [ERROR] LogOutputStream:75 - [STDERR_REDIRECT] 	at java.desktop/java.awt.EventQueue.dispatchEvent(EventQueue.java:740)
2023-09-21 12:35:50,511 [ERROR] LogOutputStream:75 - [STDERR_REDIRECT] 	at java.desktop/java.awt.EventDispatchThread.pumpOneEventForFilters(EventDispatchThread.java:203)
2023-09-21 12:35:50,512 [ERROR] LogOutputStream:75 - [STDERR_REDIRECT] 	at java.desktop/java.awt.EventDispatchThread.pumpEventsForFilter(EventDispatchThread.java:124)
2023-09-21 12:35:50,513 [ERROR] LogOutputStream:75 - [STDERR_REDIRECT] 	at java.desktop/java.awt.EventDispatchThread.pumpEventsForHierarchy(EventDispatchThread.java:113)
2023-09-21 12:35:50,514 [ERROR] LogOutputStream:75 - [STDERR_REDIRECT] 	at java.desktop/java.awt.EventDispatchThread.pumpEvents(EventDispatchThread.java:109)
2023-09-21 12:35:50,515 [ERROR] LogOutputStream:75 - [STDERR_REDIRECT] 	at java.desktop/java.awt.EventDispatchThread.pumpEvents(EventDispatchThread.java:101)
2023-09-21 12:35:50,515 [ERROR] LogOutputStream:75 - [STDERR_REDIRECT] 	at java.desktop/java.awt.EventDispatchThread.run(EventDispatchThread.java:90)
2023-09-21 12:35:50,532 [ERROR] LogOutputStream:75 - [STDERR_REDIRECT] Exception in thread "AWT-EventQueue-0" org.eclipse.swt.SWTException: Device is disposed
2023-09-21 12:35:50,532 [ERROR] LogOutputStream:75 - [STDERR_REDIRECT] 	at org.eclipse.swt.SWT.error(SWT.java:4918)
2023-09-21 12:35:50,533 [ERROR] LogOutputStream:75 - [STDERR_REDIRECT] 	at org.eclipse.swt.SWT.error(SWT.java:4833)
2023-09-21 12:35:50,533 [ERROR] LogOutputStream:75 - [STDERR_REDIRECT] 	at org.eclipse.swt.SWT.error(SWT.java:4804)
2023-09-21 12:35:50,534 [ERROR] LogOutputStream:75 - [STDERR_REDIRECT] 	at org.eclipse.swt.widgets.Display.error(Display.java:1272)
2023-09-21 12:35:50,534 [ERROR] LogOutputStream:75 - [STDERR_REDIRECT] 	at org.eclipse.swt.widgets.Display.asyncExec(Display.java:789)
2023-09-21 12:35:50,535 [ERROR] LogOutputStream:75 - [STDERR_REDIRECT] 	at com.st.stm32cube.common.mx.oss.core.awtswtbridge.AwtEnvironment$2.run(AwtEnvironment.java:168)
2023-09-21 12:35:50,535 [ERROR] LogOutputStream:75 - [STDERR_REDIRECT] 	at java.desktop/java.awt.event.InvocationEvent.dispatch(InvocationEvent.java:313)
2023-09-21 12:35:50,536 [ERROR] LogOutputStream:75 - [STDERR_REDIRECT] 	at java.desktop/java.awt.EventQueue.dispatchEventImpl(EventQueue.java:770)
2023-09-21 12:35:50,537 [ERROR] LogOutputStream:75 - [STDERR_REDIRECT] 	at java.desktop/java.awt.EventQueue$4.run(EventQueue.java:721)
2023-09-21 12:35:50,537 [ERROR] LogOutputStream:75 - [STDERR_REDIRECT] 	at java.desktop/java.awt.EventQueue$4.run(EventQueue.java:715)
2023-09-21 12:35:50,538 [ERROR] LogOutputStream:75 - [STDERR_REDIRECT] 	at java.base/java.security.AccessController.doPrivileged(Native Method)
2023-09-21 12:35:50,539 [ERROR] LogOutputStream:75 - [STDERR_REDIRECT] 	at java.base/java.security.ProtectionDomain$JavaSecurityAccessImpl.doIntersectionPrivilege(ProtectionDomain.java:85)
2023-09-21 12:35:50,539 [ERROR] LogOutputStream:75 - [STDERR_REDIRECT] 	at java.desktop/java.awt.EventQueue.dispatchEvent(EventQueue.java:740)
2023-09-21 12:35:50,540 [ERROR] LogOutputStream:75 - [STDERR_REDIRECT] 	at java.desktop/java.awt.EventDispatchThread.pumpOneEventForFilters(EventDispatchThread.java:203)
2023-09-21 12:35:50,540 [ERROR] LogOutputStream:75 - [STDERR_REDIRECT] 	at java.desktop/java.awt.EventDispatchThread.pumpEventsForFilter(EventDispatchThread.java:124)
2023-09-21 12:35:50,541 [ERROR] LogOutputStream:75 - [STDERR_REDIRECT] 	at java.desktop/java.awt.EventDispatchThread.pumpEventsForHierarchy(EventDispatchThread.java:113)
2023-09-21 12:35:50,542 [ERROR] LogOutputStream:75 - [STDERR_REDIRECT] 	at java.desktop/java.awt.EventDispatchThread.pumpEvents(EventDispatchThread.java:109)
2023-09-21 12:35:50,543 [ERROR] LogOutputStream:75 - [STDERR_REDIRECT] 	at java.desktop/java.awt.EventDispatchThread.pumpEvents(EventDispatchThread.java:101)
2023-09-21 12:35:50,543 [ERROR] LogOutputStream:75 - [STDERR_REDIRECT] 	at java.desktop/java.awt.EventDispatchThread.run(EventDispatchThread.java:90)
2023-09-21 16:19:43,897 [INFO] Activator:176 - 


2023-09-21 16:19:43,898 [INFO] Activator:177 - !SESSION log4j initialized
2023-09-21 16:19:49,448 [INFO] LogOutputStream:77 - [STDOUT_REDIRECT] 
2023-09-21 16:20:11,656 [ERROR] LogOutputStream:75 - [STDERR_REDIRECT] SLF4J: Failed to load class "org.slf4j.impl.StaticLoggerBinder".
2023-09-21 16:20:11,656 [ERROR] LogOutputStream:75 - [STDERR_REDIRECT] SLF4J: Defaulting to no-operation (NOP) logger implementation
2023-09-21 16:20:11,657 [ERROR] LogOutputStream:75 - [STDERR_REDIRECT] SLF4J: See http://www.slf4j.org/codes.html#StaticLoggerBinder for further details.
2023-09-21 16:46:02,114 [INFO] ApplicationProperties:184 - Using Application install path: C:\ST\STM32CubeIDE_1.12.1\STM32CubeIDE\plugins\com.st.stm32cube.common.mx_6.8.1.202304191431
2023-09-21 16:46:02,132 [INFO] DbMcusXml:78 - Set database path to: C:\ST\STM32CubeIDE_1.12.1\STM32CubeIDE\plugins\com.st.stm32cube.common.mx_6.8.1.202304191431\\db\/mcu/
2023-09-21 16:46:02,133 [INFO] ApiDb:274 - Set plugin database path to: C:\ST\STM32CubeIDE_1.12.1\STM32CubeIDE\plugins\com.st.stm32cube.common.mx_6.8.1.202304191431\\db\/plugins/boardmanager/
2023-09-21 16:46:02,134 [WARN] ApiDb:259 - Overriding images path with different value:  => C:\ST\STM32CubeIDE_1.12.1\STM32CubeIDE\plugins\com.st.stm32cube.common.mx_6.8.1.202304191431\\db\/plugins/mcufinder/images/
2023-09-21 16:46:02,145 [INFO] ApiDb:250 - Set database path to: C:\Users\sande\.stmcufinder\plugins\mcufinder//mcu/
2023-09-21 16:46:02,147 [INFO] DbMcusAds:125 - Set database path to: C:\Users\sande\.stmcufinder\plugins\mcufinder//mcu/
2023-09-21 16:46:02,188 [INFO] CrossReferenceDbSqlite:203 - Set database path to: C:\Users\sande\.stmcufinder\plugins\mcufinder//mcu/cs/
2023-09-21 16:46:02,339 [INFO] RulesReader:64 - Compatibility file has been processed (293 Rules)
2023-09-21 16:46:02,405 [INFO] DbMcusXml:78 - Set database path to: C:\ST\STM32CubeIDE_1.12.1\STM32CubeIDE\plugins\com.st.stm32cube.common.mx_6.8.1.202304191431\\db\/mcu/
2023-09-21 16:46:02,405 [INFO] ApiDb:274 - Set plugin database path to: C:\ST\STM32CubeIDE_1.12.1\STM32CubeIDE\plugins\com.st.stm32cube.common.mx_6.8.1.202304191431\\db\/plugins/boardmanager/
2023-09-21 16:46:02,406 [INFO] ApiDb:261 - Set plugin images path to: C:\ST\STM32CubeIDE_1.12.1\STM32CubeIDE\plugins\com.st.stm32cube.common.mx_6.8.1.202304191431\\db\/plugins/mcufinder/images/
2023-09-21 16:46:02,406 [WARN] DbFile:41 - Overriding database path with different value: C:\Users\sande\.stmcufinder\plugins\mcufinder/ => C:\Users\sande\.stmcufinder\plugins\mcufinder
2023-09-21 16:46:02,406 [INFO] ApiDb:250 - Set database path to: C:\Users\sande\.stmcufinder\plugins\mcufinder//mcu/
2023-09-21 16:46:02,406 [WARN] DbFile:41 - Overriding database path with different value: C:\Users\sande\.stmcufinder\plugins\mcufinder/ => C:\Users\sande\.stmcufinder\plugins\mcufinder
2023-09-21 16:46:02,406 [INFO] DbMcusAds:125 - Set database path to: C:\Users\sande\.stmcufinder\plugins\mcufinder//mcu/
2023-09-21 16:46:02,406 [WARN] DbFile:41 - Overriding database path with different value: C:\Users\sande\.stmcufinder\plugins\mcufinder/ => C:\Users\sande\.stmcufinder\plugins\mcufinder
2023-09-21 16:46:02,406 [WARN] DbFile:41 - Overriding database path with different value: C:\Users\sande\.stmcufinder\plugins\mcufinder/ => C:\Users\sande\.stmcufinder\plugins\mcufinder
2023-09-21 16:46:02,406 [INFO] CrossReferenceDbSqlite:203 - Set database path to: C:\Users\sande\.stmcufinder\plugins\mcufinder//mcu/cs/
2023-09-21 16:46:02,470 [INFO] MainPanel:253 - HeapMemory: 515899392
2023-09-21 16:46:02,591 [INFO] DbMcusXml:78 - Set database path to: C:\ST\STM32CubeIDE_1.12.1\STM32CubeIDE\plugins\com.st.stm32cube.common.mx_6.8.1.202304191431\\db\/mcu/
2023-09-21 16:46:02,591 [INFO] ApiDb:274 - Set plugin database path to: C:\ST\STM32CubeIDE_1.12.1\STM32CubeIDE\plugins\com.st.stm32cube.common.mx_6.8.1.202304191431\\db\/plugins/boardmanager/
2023-09-21 16:46:02,591 [INFO] ApiDb:261 - Set plugin images path to: C:\ST\STM32CubeIDE_1.12.1\STM32CubeIDE\plugins\com.st.stm32cube.common.mx_6.8.1.202304191431\\db\/plugins/mcufinder/images/
2023-09-21 16:46:02,592 [WARN] DbFile:41 - Overriding database path with different value: C:\Users\sande\.stmcufinder\plugins\mcufinder/ => C:\Users\sande\.stmcufinder\plugins\mcufinder
2023-09-21 16:46:02,592 [INFO] ApiDb:250 - Set database path to: C:\Users\sande\.stmcufinder\plugins\mcufinder//mcu/
2023-09-21 16:46:02,592 [WARN] DbFile:41 - Overriding database path with different value: C:\Users\sande\.stmcufinder\plugins\mcufinder/ => C:\Users\sande\.stmcufinder\plugins\mcufinder
2023-09-21 16:46:02,592 [INFO] DbMcusAds:125 - Set database path to: C:\Users\sande\.stmcufinder\plugins\mcufinder//mcu/
2023-09-21 16:46:02,592 [WARN] DbFile:41 - Overriding database path with different value: C:\Users\sande\.stmcufinder\plugins\mcufinder/ => C:\Users\sande\.stmcufinder\plugins\mcufinder
2023-09-21 16:46:02,592 [WARN] DbFile:41 - Overriding database path with different value: C:\Users\sande\.stmcufinder\plugins\mcufinder/ => C:\Users\sande\.stmcufinder\plugins\mcufinder
2023-09-21 16:46:02,592 [INFO] CrossReferenceDbSqlite:203 - Set database path to: C:\Users\sande\.stmcufinder\plugins\mcufinder//mcu/cs/
2023-09-21 16:46:02,611 [INFO] ApplicationProperties:184 - Using Application install path: C:\ST\STM32CubeIDE_1.12.1\STM32CubeIDE\plugins\com.st.stm32cube.common.mx_6.8.1.202304191431
2023-09-21 16:46:02,613 [INFO] PluginManage:196 - Search for loadable plugins [exclusion list=, ]
2023-09-21 16:46:02,614 [INFO] PluginManage:310 - Check plugin analytics
2023-09-21 16:46:02,762 [INFO] AnalyticsPlugin:253 - Accepted Software Licenses: 
2023-09-21 16:46:02,763 [INFO] AnalyticsPlugin:255 - Accepted CMSIS Pack Licenses: 
2023-09-21 16:46:02,763 [INFO] AnalyticsPlugin:257 - Accepted Firmware Licenses: FW.F4.1.27.0
2023-09-21 16:46:02,765 [INFO] PluginManage:359 - Loaded plugin analytics (category:tool,tabindex:-1)
2023-09-21 16:46:02,766 [INFO] PluginManage:310 - Check plugin cadmodel
2023-09-21 16:46:02,784 [INFO] CADModel:105 - Init CAD model plugin
2023-09-21 16:46:02,785 [INFO] PluginManage:359 - Loaded plugin cadmodel (category:power,tabindex:5)
2023-09-21 16:46:02,785 [INFO] PluginManage:310 - Check plugin clock
2023-09-21 16:46:02,803 [INFO] PluginManage:359 - Loaded plugin clock (category:base,tabindex:2)
2023-09-21 16:46:02,803 [INFO] PluginManage:310 - Check plugin ddr
2023-09-21 16:46:02,805 [INFO] PluginManage:359 - Loaded plugin ddr (category:tool,tabindex:6)
2023-09-21 16:46:02,805 [INFO] PluginManage:310 - Check plugin filemanager
2023-09-21 16:46:02,931 [INFO] PluginManage:359 - Loaded plugin filemanager (category:base,tabindex:10)
2023-09-21 16:46:02,931 [INFO] PluginManage:310 - Check plugin ipmanager
2023-09-21 16:46:02,938 [INFO] PluginManage:359 - Loaded plugin ipmanager (category:base,tabindex:5)
2023-09-21 16:46:02,938 [INFO] PluginManage:310 - Check plugin lpbam
2023-09-21 16:46:02,954 [INFO] PluginManage:359 - Loaded plugin lpbam (category:base,tabindex:0)
2023-09-21 16:46:02,954 [INFO] PluginManage:310 - Check plugin pinoutandconfiguration
2023-09-21 16:46:02,969 [INFO] PluginManage:359 - Loaded plugin pinoutandconfiguration (category:base,tabindex:1)
2023-09-21 16:46:02,969 [INFO] PluginManage:310 - Check plugin pinoutconfig
2023-09-21 16:46:03,063 [WARN] SupportedApi:132 - Cannot load RTOS API schema: s4s-elt-must-match.1: The content of 'definitions' must match (annotation?, (simpleType | complexType)?, (unique | key | keyref)*)). A problem was found starting at: attribute.
2023-09-21 16:46:03,184 [INFO] PluginManage:359 - Loaded plugin pinoutconfig (category:base,tabindex:0)
2023-09-21 16:46:03,184 [INFO] PluginManage:310 - Check plugin power
2023-09-21 16:46:03,205 [INFO] PluginManage:359 - Loaded plugin power (category:power,tabindex:4)
2023-09-21 16:46:03,205 [INFO] PluginManage:310 - Check plugin projectmanager
2023-09-21 16:46:03,221 [INFO] PluginManage:359 - Loaded plugin projectmanager (category:projectmanager,tabindex:3)
2023-09-21 16:46:03,221 [INFO] PluginManage:310 - Check plugin thirdparty
2023-09-21 16:46:03,455 [INFO] PluginManage:359 - Loaded plugin thirdparty (category:base,tabindex:-1)
2023-09-21 16:46:03,455 [INFO] PluginManage:310 - Check plugin tools
2023-09-21 16:46:03,455 [WARN] IntegrityCheckThread:84 - waiting for thirdparty lock release [integrity check]
2023-09-21 16:46:03,455 [INFO] IntegrityCheckThread:86 - entering critical section [integrity check]
2023-09-21 16:46:03,457 [INFO] ThirdPartyUpdaterWithRetryManager:70 - Updater plugin not ready yet. [1/15]
2023-09-21 16:46:03,491 [INFO] PluginManage:359 - Loaded plugin tools (category:base,tabindex:7)
2023-09-21 16:46:03,491 [INFO] PluginManage:310 - Check plugin tutovideos
2023-09-21 16:46:03,698 [INFO] PluginManage:359 - Loaded plugin tutovideos (category:base,tabindex:-1)
2023-09-21 16:46:03,698 [INFO] PluginManage:310 - Check plugin updater
2023-09-21 16:46:03,712 [INFO] PluginManage:359 - Loaded plugin updater (category:base,tabindex:12)
2023-09-21 16:46:03,713 [INFO] PluginManage:283 - PluginManage : Loaded plugins [15]
2023-09-21 16:46:03,953 [INFO] PinOutPanel:1499 - setPackage(No Configuration,No Configuration)
2023-09-21 16:46:04,010 [INFO] CADModel:165 - CPN selected for project level
2023-09-21 16:46:04,010 [INFO] CADModel:114 - Register for checkConnection events
2023-09-21 16:46:04,037 [INFO] IPUIPlugin:80 - create IPUIPlugin
2023-09-21 16:46:04,037 [INFO] PluginManager:220 - loadIPPluginJar : add adc
2023-09-21 16:46:04,063 [INFO] IPUIPlugin:80 - create IPUIPlugin
2023-09-21 16:46:04,063 [INFO] PluginManager:220 - loadIPPluginJar : add aes
2023-09-21 16:46:04,093 [INFO] IPUIPlugin:80 - create IPUIPlugin
2023-09-21 16:46:04,093 [INFO] PluginManager:220 - loadIPPluginJar : add can
2023-09-21 16:46:04,111 [INFO] IPUIPlugin:80 - create IPUIPlugin
2023-09-21 16:46:04,111 [INFO] PluginManager:220 - loadIPPluginJar : add comp
2023-09-21 16:46:04,143 [INFO] IPUIPlugin:80 - create IPUIPlugin
2023-09-21 16:46:04,143 [INFO] PluginManager:220 - loadIPPluginJar : add cryp
2023-09-21 16:46:04,167 [INFO] IPUIPlugin:80 - create IPUIPlugin
2023-09-21 16:46:04,167 [INFO] PluginManager:220 - loadIPPluginJar : add dfsdm
2023-09-21 16:46:04,182 [INFO] IPUIPlugin:80 - create IPUIPlugin
2023-09-21 16:46:04,182 [INFO] PluginManager:220 - loadIPPluginJar : add dma
2023-09-21 16:46:04,220 [INFO] IPUIPlugin:80 - create IPUIPlugin
2023-09-21 16:46:04,221 [INFO] PluginManager:220 - loadIPPluginJar : add dma3
2023-09-21 16:46:04,238 [INFO] IPUIPlugin:80 - create IPUIPlugin
2023-09-21 16:46:04,238 [INFO] PluginManager:220 - loadIPPluginJar : add fatfs
2023-09-21 16:46:04,277 [INFO] IPUIPlugin:80 - create IPUIPlugin
2023-09-21 16:46:04,277 [INFO] PluginManager:220 - loadIPPluginJar : add fmc
2023-09-21 16:46:04,292 [INFO] IPUIPlugin:80 - create IPUIPlugin
2023-09-21 16:46:04,292 [INFO] PluginManager:220 - loadIPPluginJar : add freertos
2023-09-21 16:46:04,311 [INFO] IPUIPlugin:80 - create IPUIPlugin
2023-09-21 16:46:04,311 [INFO] PluginManager:220 - loadIPPluginJar : add genericplugin
2023-09-21 16:46:04,386 [INFO] IPUIPlugin:80 - create IPUIPlugin
2023-09-21 16:46:04,386 [INFO] PluginManager:220 - loadIPPluginJar : add gfxmmu
2023-09-21 16:46:04,479 [INFO] IPUIPlugin:80 - create IPUIPlugin
2023-09-21 16:46:04,480 [INFO] PluginManager:220 - loadIPPluginJar : add gic
2023-09-21 16:46:04,491 [INFO] IPUIPlugin:80 - create IPUIPlugin
2023-09-21 16:46:04,491 [INFO] PluginManager:220 - loadIPPluginJar : add gpio
2023-09-21 16:46:04,598 [INFO] IPUIPlugin:80 - create IPUIPlugin
2023-09-21 16:46:04,598 [INFO] PluginManager:220 - loadIPPluginJar : add gtzc
2023-09-21 16:46:04,628 [INFO] IPUIPlugin:80 - create IPUIPlugin
2023-09-21 16:46:04,628 [INFO] PluginManager:220 - loadIPPluginJar : add hash
2023-09-21 16:46:04,663 [INFO] IPUIPlugin:80 - create IPUIPlugin
2023-09-21 16:46:04,664 [INFO] PluginManager:220 - loadIPPluginJar : add i2c
2023-09-21 16:46:04,694 [INFO] IPUIPlugin:80 - create IPUIPlugin
2023-09-21 16:46:04,695 [INFO] PluginManager:220 - loadIPPluginJar : add i2s
2023-09-21 16:46:04,724 [INFO] IPUIPlugin:80 - create IPUIPlugin
2023-09-21 16:46:04,724 [INFO] PluginManager:220 - loadIPPluginJar : add i3c
2023-09-21 16:46:04,840 [INFO] IPUIPlugin:80 - create IPUIPlugin
2023-09-21 16:46:04,840 [INFO] PluginManager:220 - loadIPPluginJar : add ipddr
2023-09-21 16:46:04,924 [INFO] IPUIPlugin:80 - create IPUIPlugin
2023-09-21 16:46:04,924 [INFO] PluginManager:220 - loadIPPluginJar : add linkedlist
2023-09-21 16:46:04,952 [INFO] IPUIPlugin:80 - create IPUIPlugin
2023-09-21 16:46:04,952 [INFO] PluginManager:220 - loadIPPluginJar : add lorawan
2023-09-21 16:46:04,989 [INFO] IPUIPlugin:80 - create IPUIPlugin
2023-09-21 16:46:04,989 [INFO] PluginManager:220 - loadIPPluginJar : add ltdc
2023-09-21 16:46:05,012 [INFO] IPUIPlugin:80 - create IPUIPlugin
2023-09-21 16:46:05,012 [INFO] PluginManager:220 - loadIPPluginJar : add mdma
2023-09-21 16:46:05,030 [INFO] IPUIPlugin:80 - create IPUIPlugin
2023-09-21 16:46:05,030 [INFO] PluginManager:220 - loadIPPluginJar : add nvic
2023-09-21 16:46:05,061 [INFO] IPUIPlugin:80 - create IPUIPlugin
2023-09-21 16:46:05,062 [INFO] PluginManager:220 - loadIPPluginJar : add opamp
2023-09-21 16:46:05,117 [INFO] IPUIPlugin:80 - create IPUIPlugin
2023-09-21 16:46:05,118 [INFO] PluginManager:220 - loadIPPluginJar : add openamp
2023-09-21 16:46:05,151 [INFO] IPUIPlugin:80 - create IPUIPlugin
2023-09-21 16:46:05,151 [INFO] PluginManager:220 - loadIPPluginJar : add pdm2pcm
2023-09-21 16:46:05,162 [INFO] IPUIPlugin:80 - create IPUIPlugin
2023-09-21 16:46:05,165 [INFO] PluginManager:220 - loadIPPluginJar : add plateformsettings
2023-09-21 16:46:05,190 [INFO] IPUIPlugin:80 - create IPUIPlugin
2023-09-21 16:46:05,190 [INFO] PluginManager:220 - loadIPPluginJar : add quadspi
2023-09-21 16:46:05,208 [INFO] IPUIPlugin:80 - create IPUIPlugin
2023-09-21 16:46:05,208 [INFO] PluginManager:220 - loadIPPluginJar : add resmgrutility
2023-09-21 16:46:05,264 [INFO] IPUIPlugin:80 - create IPUIPlugin
2023-09-21 16:46:05,264 [INFO] PluginManager:220 - loadIPPluginJar : add sai
2023-09-21 16:46:05,294 [INFO] IPUIPlugin:80 - create IPUIPlugin
2023-09-21 16:46:05,294 [INFO] PluginManager:220 - loadIPPluginJar : add spi
2023-09-21 16:46:05,347 [INFO] IPUIPlugin:80 - create IPUIPlugin
2023-09-21 16:46:05,347 [INFO] PluginManager:220 - loadIPPluginJar : add stm32_wpan
2023-09-21 16:46:05,377 [INFO] IPUIPlugin:80 - create IPUIPlugin
2023-09-21 16:46:05,377 [INFO] PluginManager:220 - loadIPPluginJar : add tim
2023-09-21 16:46:05,473 [INFO] IPUIPlugin:80 - create IPUIPlugin
2023-09-21 16:46:05,473 [INFO] PluginManager:220 - loadIPPluginJar : add touchsensing
2023-09-21 16:46:05,513 [INFO] IPUIPlugin:80 - create IPUIPlugin
2023-09-21 16:46:05,514 [INFO] PluginManager:220 - loadIPPluginJar : add tracer_emb
2023-09-21 16:46:05,554 [INFO] IPUIPlugin:80 - create IPUIPlugin
2023-09-21 16:46:05,554 [INFO] PluginManager:220 - loadIPPluginJar : add ts
2023-09-21 16:46:05,594 [INFO] IPUIPlugin:80 - create IPUIPlugin
2023-09-21 16:46:05,594 [INFO] PluginManager:220 - loadIPPluginJar : add tsc
2023-09-21 16:46:05,630 [INFO] IPUIPlugin:80 - create IPUIPlugin
2023-09-21 16:46:05,630 [INFO] PluginManager:220 - loadIPPluginJar : add ucpd
2023-09-21 16:46:05,706 [INFO] IPUIPlugin:80 - create IPUIPlugin
2023-09-21 16:46:05,706 [INFO] PluginManager:220 - loadIPPluginJar : add usart
2023-09-21 16:46:05,782 [INFO] IPUIPlugin:80 - create IPUIPlugin
2023-09-21 16:46:05,782 [INFO] PluginManager:220 - loadIPPluginJar : add usbx
2023-09-21 16:46:05,937 [INFO] CADModel:165 - CPN selected for project level
2023-09-21 16:46:05,937 [INFO] CADModel:114 - Register for checkConnection events
2023-09-21 16:46:05,937 [FATAL] Updater:308 - Updater called before beeing initialized
2023-09-21 16:46:05,939 [ERROR] CADModel:125 - Updater not yet initialized, retry later 
2023-09-21 16:46:06,103 [INFO] CADModel:165 - CPN selected for project level
2023-09-21 16:46:06,103 [INFO] CADModel:114 - Register for checkConnection events
2023-09-21 16:46:06,103 [FATAL] Updater:308 - Updater called before beeing initialized
2023-09-21 16:46:06,103 [ERROR] CADModel:125 - Updater not yet initialized, retry later 
2023-09-21 16:46:06,107 [FATAL] Updater:308 - Updater called before beeing initialized
2023-09-21 16:46:06,196 [FATAL] Updater:308 - Updater called before beeing initialized
2023-09-21 16:46:06,206 [INFO] DbMcusAds:53 - JSON generation date=Tue Mar 07 03:50:55 EST 2023 (1678179055114)
2023-09-21 16:46:06,206 [FATAL] Updater:308 - Updater called before beeing initialized
2023-09-21 16:46:06,286 [WARN] DetailPanel:346 - Failed to get advertising image, set to default
2023-09-21 16:46:06,373 [FATAL] Updater:308 - Updater called before beeing initialized
2023-09-21 16:46:06,376 [FATAL] Updater:308 - Updater called before beeing initialized
2023-09-21 16:46:06,376 [FATAL] Updater:308 - Updater called before beeing initialized
2023-09-21 16:46:06,376 [WARN] DetailPanel:346 - Failed to get advertising image, set to default
2023-09-21 16:46:06,377 [FATAL] Updater:308 - Updater called before beeing initialized
2023-09-21 16:46:06,462 [INFO] ThirdPartyUpdaterWithRetryManager:70 - Updater plugin not ready yet. [2/15]
2023-09-21 16:46:06,470 [ERROR] Updater:1120 - MainUpdater not yet initialized. External WinMGr cannot be set.
2023-09-21 16:46:06,479 [INFO] Updater:1056 - Updater Version found : 6.8.1
2023-09-21 16:46:06,501 [INFO] ApplicationProperties:184 - Using Application install path: C:\ST\STM32CubeIDE_1.12.1\STM32CubeIDE\plugins\com.st.stm32cube.common.mx_6.8.1.202304191431
2023-09-21 16:46:06,780 [INFO] MainUpdater:2854 - connection check result : 10
2023-09-21 16:46:06,781 [INFO] MainUpdater:283 - Updater Check For Update Now.
2023-09-21 16:46:06,781 [INFO] MicroXplorer:498 - Change Database Version : DB.6.0.81
2023-09-21 16:46:06,981 [INFO] CheckServerUpdateThread:120 - End of CheckServer Thread
2023-09-21 16:46:07,020 [INFO] MainUpdater:2854 - connection check result : 10
2023-09-21 16:46:07,032 [INFO] MainUpdater:2854 - connection check result : 10
2023-09-21 16:46:07,220 [INFO] MicroXplorer:468 - Change Database Path : 
2023-09-21 16:46:07,220 [INFO] MicroXplorer:498 - Change Database Version : DB.6.0.81
2023-09-21 16:46:07,220 [WARN] ThirdParty:871 - waiting for thirdparty lock release [close project]
2023-09-21 16:46:09,627 [WARN] PackLoader:240 - Cannot read IP mode file for STMicroelectronics.X-CUBE-SMBUS.2.1.0
2023-09-21 16:46:09,659 [WARN] PackLoader:240 - Cannot read IP mode file for STMicroelectronics.X-CUBE-AZRTOS-F7.1.1.0
2023-09-21 16:46:09,670 [WARN] PackLoader:240 - Cannot read IP mode file for STMicroelectronics.FP-SNS-MOTENV1.4.3.2
2023-09-21 16:46:09,681 [ERROR] RealEvaluatedCondition:428 - Found unsupported composite condition: CLASS='Data Exchange' GROUP='STM32_MetaDataManager'
2023-09-21 16:46:09,681 [ERROR] RealEvaluatedCondition:428 - Found unsupported composite condition: CLASS='Data Exchange' GROUP='STM32_MetaDataManager'
2023-09-21 16:46:09,682 [WARN] PackLoader:240 - Cannot read IP mode file for STMicroelectronics.FP-SNS-MOTENV1.4.3.1
2023-09-21 16:46:09,690 [WARN] PackLoader:240 - Cannot read IP mode file for STMicroelectronics.FP-SNS-FLIGHT1.5.0.1
2023-09-21 16:46:09,700 [WARN] PackLoader:240 - Cannot read IP mode file for STMicroelectronics.X-CUBE-BLE1.6.2.4
2023-09-21 16:46:09,707 [WARN] PackLoader:240 - Cannot read IP mode file for STMicroelectronics.FP-SNS-FLIGHT1.5.0.2
2023-09-21 16:46:09,717 [WARN] PackLoader:240 - Cannot read IP mode file for STMicroelectronics.X-CUBE-DISPLAY.3.0.0
2023-09-21 16:46:09,727 [WARN] PackLoader:240 - Cannot read IP mode file for STMicroelectronics.X-CUBE-BLE1.7.0.0
2023-09-21 16:46:09,737 [WARN] PackLoader:240 - Cannot read IP mode file for STMicroelectronics.X-CUBE-TOUCHGFX.4.22.0
2023-09-21 16:46:09,744 [WARN] PackLoader:240 - Cannot read IP mode file for STMicroelectronics.FP-SNS-SMARTAG2.1.2.0
2023-09-21 16:46:09,761 [INFO] LogOutputStream:77 - [STDOUT_REDIRECT] 1 : Invalid condition id : UX_CORESTACK_Condition cause : null
2023-09-21 16:46:09,761 [INFO] LogOutputStream:77 - [STDOUT_REDIRECT] 1 : Invalid condition id : UX_CORESTACK_Condition cause : null
2023-09-21 16:46:09,762 [INFO] LogOutputStream:77 - [STDOUT_REDIRECT] 1 : Invalid condition id : UX_CORESTACK_Condition cause : null
2023-09-21 16:46:09,762 [INFO] LogOutputStream:77 - [STDOUT_REDIRECT] 1 : Invalid condition id : UX_CORESTACK_Condition cause : null
2023-09-21 16:46:09,763 [INFO] LogOutputStream:77 - [STDOUT_REDIRECT] 1 : Invalid condition id : UX_CORESTACK_Condition cause : null
2023-09-21 16:46:09,765 [WARN] PackLoader:240 - Cannot read IP mode file for STMicroelectronics.X-CUBE-AZRTOS-WL.2.0.0
2023-09-21 16:46:09,775 [WARN] PackLoader:240 - Cannot read IP mode file for WES.I-CUBE-Cesium.1.3.0
2023-09-21 16:46:09,783 [WARN] PackLoader:240 - Cannot read IP mode file for STMicroelectronics.X-CUBE-BLE2.3.3.0
2023-09-21 16:46:09,789 [WARN] PackLoader:240 - Cannot read IP mode file for STMicroelectronics.X-CUBE-TOUCHGFX.4.21.4
2023-09-21 16:46:09,797 [WARN] PackLoader:240 - Cannot read IP mode file for STMicroelectronics.X-CUBE-ALGOBUILD.1.3.0
2023-09-21 16:46:09,816 [WARN] PackLoader:240 - Cannot read IP mode file for STMicroelectronics.X-CUBE-AZRTOS-G0.1.1.0
2023-09-21 16:46:09,829 [WARN] PackLoader:240 - Cannot read IP mode file for STMicroelectronics.X-CUBE-NFC4.3.0.0
2023-09-21 16:46:09,840 [WARN] PackLoader:240 - Cannot read IP mode file for STMicroelectronics.FP-ATR-SIGFOX1.3.2.0
2023-09-21 16:46:09,876 [WARN] PackLoader:240 - Cannot read IP mode file for SEGGER.I-CUBE-embOS.1.3.1
2023-09-21 16:46:09,934 [WARN] PackLoader:240 - Cannot read IP mode file for STMicroelectronics.X-CUBE-GNSS1.6.0.0
2023-09-21 16:46:09,966 [WARN] PackLoader:240 - Cannot read IP mode file for STMicroelectronics.X-CUBE-AZRTOS-F4.1.1.0
2023-09-21 16:46:09,983 [WARN] PackLoader:240 - Cannot read IP mode file for wolfSSL.I-CUBE-wolfSSL.5.6.0
2023-09-21 16:46:10,013 [WARN] PackLoader:240 - Cannot read IP mode file for STMicroelectronics.X-CUBE-AZRTOS-L5.2.0.0
2023-09-21 16:46:10,085 [WARN] PackLoader:240 - Cannot read IP mode file for STMicroelectronics.X-CUBE-MEMS1.9.6.0
2023-09-21 16:46:10,215 [WARN] PackLoader:240 - Cannot read IP mode file for emotas.I-CUBE-CANOPEN.1.1.3
2023-09-21 16:46:10,229 [WARN] PackLoader:240 - Cannot read IP mode file for STMicroelectronics.X-CUBE-BLEMGR.2.0.0
2023-09-21 16:46:10,255 [WARN] ConditionMgr:438 - getConditionDescription Invalid condition id : UX DEVICE CLASS RTOS Condition cause : null
2023-09-21 16:46:10,255 [WARN] ConditionMgr:438 - getConditionDescription Invalid condition id : UX DEVICE CLASS RTOS Condition cause : null
2023-09-21 16:46:10,261 [WARN] PackLoader:240 - Cannot read IP mode file for STMicroelectronics.X-CUBE-AZRTOS-H7.3.1.0
2023-09-21 16:46:10,262 [WARN] ConditionMgr:1039 - genDependencies : Invalid condition id : UX DEVICE CLASS RTOS Condition cause : null
2023-09-21 16:46:10,262 [WARN] ConditionMgr:1039 - genDependencies : Invalid condition id : UX DEVICE CLASS RTOS Condition cause : null
2023-09-21 16:46:10,262 [WARN] ConditionMgr:1039 - genDependencies : Invalid condition id : UX DEVICE CLASS RTOS Condition cause : null
2023-09-21 16:46:10,262 [WARN] ConditionMgr:1039 - genDependencies : Invalid condition id : UX DEVICE CLASS RTOS Condition cause : null
2023-09-21 16:46:10,263 [WARN] ConditionMgr:1039 - genDependencies : Invalid condition id : UX DEVICE CLASS RTOS Condition cause : null
2023-09-21 16:46:10,273 [WARN] PackLoader:240 - Cannot read IP mode file for STMicroelectronics.X-CUBE-NFC7.1.0.1
2023-09-21 16:46:10,285 [WARN] PackLoader:240 - Cannot read IP mode file for STMicroelectronics.X-CUBE-NFC6.3.0.0
2023-09-21 16:46:10,297 [WARN] PackLoader:240 - Cannot read IP mode file for STMicroelectronics.X-CUBE-EEPRMA1.4.1.0
2023-09-21 16:46:10,306 [WARN] PackLoader:240 - Cannot read IP mode file for STMicroelectronics.X-CUBE-AI.8.1.0
2023-09-21 16:46:10,325 [WARN] ConditionMgr:438 - getConditionDescription Invalid condition id : LAN8742 Phy interface Condition cause : null
2023-09-21 16:46:10,325 [WARN] PackLoader:240 - Cannot read IP mode file for STMicroelectronics.X-CUBE-AZRTOS-L4.2.0.0
2023-09-21 16:46:10,326 [WARN] ConditionMgr:1039 - genDependencies : Invalid condition id : LAN8742 Phy interface Condition cause : null
2023-09-21 16:46:10,326 [WARN] ConditionMgr:1039 - genDependencies : Invalid condition id : LAN8742 Phy interface Condition cause : null
2023-09-21 16:46:10,326 [WARN] ConditionMgr:1039 - genDependencies : Invalid condition id : LAN8742 Phy interface Condition cause : null
2023-09-21 16:46:10,337 [WARN] PackLoader:240 - Cannot read IP mode file for STMicroelectronics.X-CUBE-SFXS2LP1.4.0.0
2023-09-21 16:46:10,348 [WARN] PackLoader:240 - Cannot read IP mode file for STMicroelectronics.X-CUBE-ISPU.1.1.0
2023-09-21 16:46:10,372 [WARN] ConditionMgr:438 - getConditionDescription Invalid condition id : UX DEVICE CLASS RTOS Condition cause : null
2023-09-21 16:46:10,372 [WARN] ConditionMgr:438 - getConditionDescription Invalid condition id : UX DEVICE CLASS RTOS Condition cause : null
2023-09-21 16:46:10,374 [WARN] PackLoader:240 - Cannot read IP mode file for STMicroelectronics.X-CUBE-AZRTOS-WB.2.0.0
2023-09-21 16:46:10,375 [WARN] ConditionMgr:1039 - genDependencies : Invalid condition id : UX DEVICE CLASS RTOS Condition cause : null
2023-09-21 16:46:10,375 [WARN] ConditionMgr:1039 - genDependencies : Invalid condition id : UX DEVICE CLASS RTOS Condition cause : null
2023-09-21 16:46:10,376 [WARN] ConditionMgr:1039 - genDependencies : Invalid condition id : UX DEVICE CLASS RTOS Condition cause : null
2023-09-21 16:46:10,377 [WARN] ConditionMgr:1039 - genDependencies : Invalid condition id : UX DEVICE CLASS RTOS Condition cause : null
2023-09-21 16:46:10,377 [WARN] ConditionMgr:1039 - genDependencies : Invalid condition id : UX DEVICE CLASS RTOS Condition cause : null
2023-09-21 16:46:10,390 [WARN] PackLoader:240 - Cannot read IP mode file for STMicroelectronics.X-CUBE-FREERTOS.1.0.1
2023-09-21 16:46:10,414 [WARN] PackLoader:240 - Cannot read IP mode file for STMicroelectronics.X-CUBE-AZRTOS-L5.1.1.0
2023-09-21 16:46:10,427 [WARN] PackLoader:240 - Cannot read IP mode file for STMicroelectronics.X-CUBE-AI.8.0.1
2023-09-21 16:46:10,445 [WARN] PackLoader:240 - Cannot read IP mode file for STMicroelectronics.X-CUBE-SUBG2.5.0.0
2023-09-21 16:46:10,470 [WARN] PackLoader:240 - Cannot read IP mode file for STMicroelectronics.X-CUBE-TOF1.3.3.1
2023-09-21 16:46:10,501 [WARN] PackLoader:240 - Cannot read IP mode file for STMicroelectronics.X-CUBE-AZRTOS-G4.2.0.0
2023-09-21 16:46:10,520 [WARN] PackLoader:240 - Cannot read IP mode file for STMicroelectronics.X-CUBE-TOF1.3.3.0
2023-09-21 16:46:10,540 [WARN] PackLoader:240 - Cannot read IP mode file for STMicroelectronics.X-CUBE-FREERTOS.1.1.0
2023-09-21 16:46:10,553 [WARN] PackLoader:240 - Cannot read IP mode file for portGmbH.I-Cube-SoM-uGOAL.1.1.0
2023-09-21 16:46:10,562 [WARN] PackLoader:240 - Cannot read IP mode file for STMicroelectronics.X-CUBE-ALS.1.0.1
2023-09-21 16:46:10,600 [WARN] PackLoader:240 - Cannot read IP mode file for STMicroelectronics.X-CUBE-AZRTOS-WB.1.1.0
2023-09-21 16:46:10,613 [WARN] PackLoader:240 - Cannot read IP mode file for STMicroelectronics.FP-ATR-ASTRA1.2.0.0
2023-09-21 16:46:10,614 [INFO] ThirdParty:978 - Integrity check success = true
2023-09-21 16:46:10,614 [INFO] IntegrityCheckThread:100 - exiting critical section [integrity check]
2023-09-21 16:46:10,614 [INFO] IntegrityCheckThread:103 - End integrity checks thread
2023-09-21 16:46:10,614 [INFO] ThirdParty:873 - entering critical section [close project]
2023-09-21 16:46:10,615 [INFO] ThirdParty:883 - exiting critical section [close project]
2023-09-21 16:46:10,622 [INFO] PinOutPanel:1499 - setPackage(No Configuration,No Configuration)
2023-09-21 16:46:10,628 [INFO] UtilMem:75 - Begin LoadConfig() Used Memory: 510821664 Bytes (532676608)
2023-09-21 16:46:10,629 [INFO] MicroXplorer:468 - Change Database Path : 
2023-09-21 16:46:10,629 [INFO] MicroXplorer:498 - Change Database Version : DB.6.0.81
2023-09-21 16:46:10,630 [INFO] OpenFileManager:308 - Change cursor
2023-09-21 16:46:10,672 [INFO] Mcu:1937 - Initializing MCU STM32F401R(D-E)Tx STM32F401RETx STM32F401RET6
2023-09-21 16:46:11,663 [INFO] Context:659 - Trying to add GPIOservice into a context  which must be forbidden
2023-09-21 16:46:12,162 [INFO] RtosManager:555 - Registered RTOS mode: class=CMSIS, group=RTOS, mode=CMSIS_V1, owner=FREERTOS
2023-09-21 16:46:12,162 [INFO] RtosManager:555 - Registered RTOS mode: class=CMSIS, group=RTOS2, mode=CMSIS_V2, owner=FREERTOS
2023-09-21 16:46:12,162 [INFO] RtosManager:555 - Registered RTOS mode: class=RTOS, group=Core, mode=CMSIS_V1, owner=FREERTOS
2023-09-21 16:46:12,163 [INFO] RtosManager:555 - Registered RTOS mode: class=RTOS, group=Core, mode=CMSIS_V2, owner=FREERTOS
2023-09-21 16:46:12,163 [WARN] ModelIntegratedComponent:184 - Missing modes for component STMicroelectronics:FreeRTOS:0.0.1:STMicroelectronics:RTOS:FreeRTOS:Core:::10.2.0:
2023-09-21 16:46:12,177 [WARN] ModelIntegratedComponent:63 - No mode defined for component null
2023-09-21 16:46:12,178 [WARN] ModelIntegratedComponent:63 - No mode defined for component null
2023-09-21 16:46:12,178 [WARN] ModelIntegratedComponent:63 - No mode defined for component null
2023-09-21 16:46:12,178 [WARN] ModelIntegratedComponent:63 - No mode defined for component null
2023-09-21 16:46:12,178 [WARN] ModelIntegratedComponent:63 - No mode defined for component null
2023-09-21 16:46:12,178 [WARN] ModelIntegratedComponent:63 - No mode defined for component null
2023-09-21 16:46:12,178 [WARN] ModelIntegratedComponent:63 - No mode defined for component null
2023-09-21 16:46:12,178 [WARN] ModelIntegratedComponent:63 - No mode defined for component null
2023-09-21 16:46:12,178 [WARN] ModelIntegratedComponent:63 - No mode defined for component null
2023-09-21 16:46:12,178 [WARN] ModelIntegratedComponent:63 - No mode defined for component null
2023-09-21 16:46:12,178 [WARN] ModelIntegratedComponent:63 - No mode defined for component null
2023-09-21 16:46:12,178 [WARN] ModelIntegratedComponent:63 - No mode defined for component null
2023-09-21 16:46:12,178 [WARN] ModelIntegratedComponent:63 - No mode defined for component null
2023-09-21 16:46:12,178 [WARN] ModelIntegratedComponent:63 - No mode defined for component null
2023-09-21 16:46:12,178 [WARN] ModelIntegratedComponent:63 - No mode defined for component null
2023-09-21 16:46:12,178 [WARN] ModelIntegratedComponent:63 - No mode defined for component null
2023-09-21 16:46:12,178 [WARN] ModelIntegratedComponent:63 - No mode defined for component null
2023-09-21 16:46:12,178 [WARN] ModelIntegratedComponent:63 - No mode defined for component null
2023-09-21 16:46:12,178 [WARN] ModelIntegratedComponent:63 - No mode defined for component null
2023-09-21 16:46:12,178 [WARN] ModelIntegratedComponent:63 - No mode defined for component null
2023-09-21 16:46:12,178 [WARN] ModelIntegratedComponent:63 - No mode defined for component null
2023-09-21 16:46:12,178 [WARN] ModelIntegratedComponent:63 - No mode defined for component null
2023-09-21 16:46:12,178 [WARN] ModelIntegratedComponent:63 - No mode defined for component null
2023-09-21 16:46:12,178 [WARN] ModelIntegratedComponent:63 - No mode defined for component null
2023-09-21 16:46:12,178 [WARN] ModelIntegratedComponent:63 - No mode defined for component null
2023-09-21 16:46:12,178 [WARN] ModelIntegratedComponent:63 - No mode defined for component null
2023-09-21 16:46:12,178 [WARN] ModelIntegratedComponent:63 - No mode defined for component null
2023-09-21 16:46:12,178 [WARN] ModelIntegratedComponent:63 - No mode defined for component null
2023-09-21 16:46:12,178 [WARN] ModelIntegratedComponent:63 - No mode defined for component null
2023-09-21 16:46:12,178 [WARN] ModelIntegratedComponent:63 - No mode defined for component null
2023-09-21 16:46:12,178 [WARN] ModelIntegratedComponent:63 - No mode defined for component null
2023-09-21 16:46:12,178 [WARN] ModelIntegratedComponent:63 - No mode defined for component null
2023-09-21 16:46:12,178 [WARN] ModelIntegratedComponent:63 - No mode defined for component null
2023-09-21 16:46:12,214 [INFO] ThirdPartyModel:298 - Start build external matchings
2023-09-21 16:46:12,423 [INFO] ThirdPartyModel:316 - End build external matchings
2023-09-21 16:46:12,439 [INFO] ImportTextPane:194 - (OptionalMessage_ERROR) IP (RCC) : Parameter (RTCHSEDivFreq_Value) has invalid value (4000000)
2023-09-21 16:46:12,650 [INFO] UtilMem:75 - End LoadConfig() Used Memory: 513221912 Bytes (589299712)
2023-09-21 16:46:12,835 [INFO] ApiDb:581 - Connected to CubeFinder SQLite database (C:\Users\sande\.stmcufinder\plugins\mcufinder\mcu\cube-finder-db.db)
2023-09-21 16:46:12,898 [INFO] ApiDb:668 - CubeFinder database Data Model version=2.1
2023-09-21 16:46:12,898 [INFO] ApiDb:669 - CubeFinder database Configuration version=3.0.37
2023-09-21 16:46:12,898 [INFO] ApiDb:670 - CubeFinder database generation date=2023-08-09 (1691586011)
2023-09-21 16:46:12,899 [INFO] ApiDb:671 - CubeFinder database FW Pack versions=[FP-ATR-ASTRA1_V2.0.0, FP-SNS-FLIGHT1_V5.0.1, FP-SNS-FLIGHT1_V5.0.2, FP-SNS-MOTENV1_V4.3.1, FP-SNS-MOTENV1_V4.3.2, STM32Cube_FW_C0_V1.1.0, STM32Cube_FW_F4_V1.27.1, STM32Cube_FW_F7_V1.17.0, STM32Cube_FW_G0_V1.6.1, STM32Cube_FW_G4_V1.5.1, STM32Cube_FW_H5_V0.5.1, STM32Cube_FW_H5_V1.1.0, STM32Cube_FW_H7_V1.11.0, STM32Cube_FW_L0_V1.12.2, STM32Cube_FW_L5_V1.5.0, STM32Cube_FW_U5_V1.3.0, STM32Cube_FW_U5_V1.3.0RC4, STM32Cube_FW_WBA_V1.0.0RC1, STM32Cube_FW_WBA_V1.1.0, STM32Cube_FW_WBA_V1.1.0RC1, STM32Cube_FW_WB_V1.15.0RC1, STM32Cube_FW_WB_V1.16.0, STM32Cube_FW_WB_V1.16.0RC2, STM32Cube_FW_WB_V1.17.0, STM32Cube_FW_WL_V1.3.0, X-CUBE-ALGOBUILD_V1.3.0, X-CUBE-ALS_V1.0.1, X-CUBE-AZRTOS-F4_V1.1.0, X-CUBE-AZRTOS-F7_V1.1.0, X-CUBE-AZRTOS-G0_V1.1.0, X-CUBE-AZRTOS-G4_V2.0.0, X-CUBE-AZRTOS-H7_V3.1.0, X-CUBE-AZRTOS-L4_V1.0.0, X-CUBE-AZRTOS-L4_V2.0.0, X-CUBE-AZRTOS-L5_V1.1.0, X-CUBE-AZRTOS-WB_V1.1.0, X-CUBE-AZRTOS-WL_V2.0.0, X-CUBE-BLE1_V7.0.0, X-CUBE-BLE2_V3.3.0, X-CUBE-BLEMGR_V2.0.0, X-CUBE-EEPRMA1_V4.1.0, X-CUBE-FREERTOS_V1.1.0, X-CUBE-GNSS1_V6.0.0, X-CUBE-MEMS1_V9.1.0, X-CUBE-MEMS1_V9.4.0, X-CUBE-MEMS1_V9.6.0, X-CUBE-NFC4_V3.0.0, X-CUBE-NFC7_V1.0.0, X-CUBE-SFXS2LP1_V4.0.0, X-CUBE-SUBG2_V5.0.0, X-CUBE-TOF1_V3.3.1]
2023-09-21 16:46:14,694 [INFO] ApiDb:240 - Found 297 in-development CPN: [B-G473E-ZEST1S, B-WB1M-WPAN1, B-WL5M-SUBG1, NUCLEO-C031C6, NUCLEO-H503RB, NUCLEO-H563ZI, NUCLEO-U545RE-Q, NUCLEO-U5A5ZJ-Q, NUCLEO-WBA52CG, STEVAL-PROTEUS1, STEVAL-STWINBX1, STM320518-EVAL, STM32C0116-DK, STM32C011D6Y3TR, STM32C011D6Y6TR, STM32C011F4P3, STM32C011F4P6, STM32C011F4U3, STM32C011F4U6TR, STM32C011F6P3, STM32C011F6P6, STM32C011F6U3, STM32C011F6U6TR, STM32C011J4M3, STM32C011J4M6, STM32C011J6M3, STM32C011J6M6, STM32C0316-DK, STM32C031C4T3, STM32C031C4T6, STM32C031C4U3, STM32C031C4U6, STM32C031C6T3, STM32C031C6T6, STM32C031C6U3, STM32C031C6U6, STM32C031F4P3, STM32C031F4P6, STM32C031F6P3, STM32C031F6P6, STM32C031G4U3, STM32C031G4U6, STM32C031G6U3, STM32C031G6U6, STM32C031K4T3, STM32C031K4T6, STM32C031K4U3, STM32C031K4U6, STM32C031K6T3, STM32C031K6T6, STM32C031K6U3, STM32C031K6U6, STM32G071K8TXN, STM32G071K8UXN, STM32G081GBU6N, STM32G081KBT6N, STM32G081KBUXN, STM32G0B1CCT6N, STM32G0B1KCT6, STM32G0B1NEY6TR, STM32G0B1RCT6N, STM32G0C1CCT6, STM32G0C1CCT6N, STM32G0C1CCU6N, STM32G0C1CET6N, STM32G0C1CEU6N, STM32G0C1KCT6, STM32G0C1NEY6TR, STM32G0C1RCI6N, STM32G0C1RCT6N, STM32G0C1REI6N, STM32G0C1RET6N, STM32G0C1VCI6, STM32G0C1VEI6, STM32G471CCT6, STM32G471CCU6, STM32G471CET3, STM32G471CET6, STM32G471CEU3, STM32G471CEU6, STM32G471MCT6, STM32G471MET3, STM32G471MET6, STM32G471MEY6TR, STM32G471QCT6, STM32G471QET3, STM32G471RCT6, STM32G471RET3, STM32G471RET6, STM32G471VCH6, STM32G471VCI6, STM32G471VCT6, STM32G471VEH3, STM32G471VEH6, STM32G471VEI3, STM32G471VEI6, STM32G471VET3, STM32G471VET6, STM32G474CCT6, STM32H503CBT6, STM32H503CBU6, STM32H503EBY6TR, STM32H503KBU6, STM32H503RBT6, STM32H562AGI6, STM32H562AII6, STM32H562IGK6, STM32H562IGT6, STM32H562IIK6, STM32H562IIT6, STM32H562RGT6, STM32H562RGV6, STM32H562RIT6, STM32H562RIV6, STM32H562VGT6, STM32H562VIT6, STM32H562ZGT6, STM32H562ZIT6, STM32H563AGI6, STM32H563AII3Q, STM32H563AII6, STM32H563IGK6, STM32H563IGT6, STM32H563IIK3Q, STM32H563IIK6, STM32H563IIT3Q, STM32H563IIT6, STM32H563MIY3QTR, STM32H563RGT6, STM32H563RGV6, STM32H563RIT6, STM32H563RIV6, STM32H563VGT6, STM32H563VIT3Q, STM32H563VIT6, STM32H563ZGT6, STM32H563ZIT3Q, STM32H563ZIT6, STM32H573AII3Q, STM32H573AII6, STM32H573I-DK, STM32H573IIK3Q, STM32H573IIK6, STM32H573IIT3Q, STM32H573IIT6, STM32H573MIY3QTR, STM32H573RIT6, STM32H573RIV6, STM32H573VIT3Q, STM32H573VIT6, STM32H573ZIT3Q, STM32H573ZIT6, STM32L4R5QGI6STR, STM32MP131AAE3, STM32MP131AAF3, STM32MP131AAG3, STM32MP131CAE3, STM32MP131CAF3, STM32MP131CAG3, STM32MP131DAE7, STM32MP131DAF7, STM32MP131DAG7, STM32MP131FAE7, STM32MP131FAF7, STM32MP131FAG7, STM32MP133AAE3, STM32MP133AAF3, STM32MP133AAG3, STM32MP133CAE3, STM32MP133CAF3, STM32MP133CAG3, STM32MP133DAE7, STM32MP133DAF7, STM32MP133DAG7, STM32MP133FAE7, STM32MP133FAF7, STM32MP133FAG7, STM32MP135AAE3, STM32MP135AAF3, STM32MP135AAG3, STM32MP135CAE3, STM32MP135CAF3, STM32MP135CAG3, STM32MP135DAE7, STM32MP135DAF7, STM32MP135DAG7, STM32MP135F-DK, STM32MP135FAE7, STM32MP135FAF7, STM32MP135FAF7T, STM32MP135FAF7U, STM32MP135FAG7, STM32U535CBT6, STM32U535CBT6Q, STM32U535CBU6, STM32U535CBU6Q, STM32U535CCT6, STM32U535CCT6Q, STM32U535CCU6, STM32U535CCU6Q, STM32U535CET6, STM32U535CET6Q, STM32U535CEU6, STM32U535CEU6Q, STM32U535JEY6QTR, STM32U535NCY6QTR, STM32U535NEY6QTR, STM32U535RBI6, STM32U535RBI6Q, STM32U535RBT6, STM32U535RBT6Q, STM32U535RCI6, STM32U535RCI6Q, STM32U535RCT6, STM32U535RCT6Q, STM32U535REI6, STM32U535REI6Q, STM32U535RET6, STM32U535RET6Q, STM32U535VCI6, STM32U535VCI6Q, STM32U535VCT6, STM32U535VCT6Q, STM32U535VEI6, STM32U535VEI6Q, STM32U535VET6, STM32U535VET6Q, STM32U545CET6, STM32U545CET6Q, STM32U545CEU6, STM32U545CEU6Q, STM32U545JEY6QTR, STM32U545NEY6QTR, STM32U545REI6, STM32U545REI6Q, STM32U545RET6, STM32U545RET6Q, STM32U545VEI6, STM32U545VEI6Q, STM32U545VET6, STM32U545VET6Q, STM32U595AIH6, STM32U595AIH6Q, STM32U595AJH6, STM32U595AJH6Q, STM32U595QII6, STM32U595QII6Q, STM32U595QJI6, STM32U595QJI6Q, STM32U595RIT6, STM32U595RIT6Q, STM32U595RJT6, STM32U595RJT6Q, STM32U595VIT6, STM32U595VIT6Q, STM32U595VJT6, STM32U595VJT6Q, STM32U595ZIT6, STM32U595ZIT6Q, STM32U595ZIY6QTR, STM32U595ZJT6, STM32U595ZJT6Q, STM32U595ZJY6QTR, STM32U599BJY6QTR, STM32U599NIH6Q, STM32U599NJH6Q, STM32U599VIT6Q, STM32U599VJT6, STM32U599VJT6Q, STM32U599ZIT6Q, STM32U599ZIY6QTR, STM32U599ZJT6Q, STM32U599ZJY6QTR, STM32U5A5AJH6, STM32U5A5AJH6Q, STM32U5A5QJI6, STM32U5A5QJI6Q, STM32U5A5RJT6, STM32U5A5RJT6Q, STM32U5A5VJT6, STM32U5A5VJT6Q, STM32U5A5ZJT6, STM32U5A5ZJT6Q, STM32U5A5ZJY6QTR, STM32U5A9BJY6QTR, STM32U5A9J-DK, STM32U5A9NJH6Q, STM32U5A9VJT6Q, STM32U5A9ZJT6Q, STM32U5A9ZJY6QTR, STM32WB1MMCH6, STM32WBA52CEU6, STM32WBA52CEU6T, STM32WBA52CGU6, STM32WBA52CGU6T, STM32WL5MOCH6, STM32WL5MOCH6TR]
2023-09-21 16:46:14,696 [INFO] DbMcus:216 - Found 3825 MCUs, 3825 are supported
2023-09-21 16:46:14,698 [INFO] ApiDb:423 - Load user favorites file C:\Users\sande/.stm32cubeide/favorites.mcus.txt: 0 item(s)
2023-09-21 16:46:14,699 [INFO] ApiDb:427 - User favorites MCUs=[]
2023-09-21 16:46:14,699 [INFO] DbMcus:222 - Set 0 / 0 favorites MCUs
2023-09-21 16:46:14,993 [WARN] ThirdParty:833 - waiting for thirdparty lock release [change project]
2023-09-21 16:46:14,994 [INFO] ThirdParty:835 - entering critical section [change project]
2023-09-21 16:46:14,994 [INFO] ThirdParty:1030 - CMSIS Pack Vendor :STMicroelectronics X-CUBE-ISPU 1.1.0
2023-09-21 16:46:14,994 [INFO] ThirdParty:1030 - CMSIS Pack Vendor :STMicroelectronics X-CUBE-GNSS1 6.0.0
2023-09-21 16:46:14,994 [INFO] ThirdParty:1030 - CMSIS Pack Vendor :STMicroelectronics USB_HOST 2.0.0
2023-09-21 16:46:14,994 [INFO] ThirdParty:1030 - CMSIS Pack Vendor :STMicroelectronics X-CUBE-AZRTOS-F4 1.1.0
2023-09-21 16:46:14,994 [INFO] ThirdParty:1030 - CMSIS Pack Vendor :STMicroelectronics LIBJPEG 8.0.0
2023-09-21 16:46:14,994 [INFO] ThirdParty:1030 - CMSIS Pack Vendor :STMicroelectronics X-CUBE-SMBUS 2.1.0
2023-09-21 16:46:14,994 [INFO] ThirdParty:1030 - CMSIS Pack Vendor :wolfSSL I-CUBE-wolfSSL 5.6.0
2023-09-21 16:46:14,994 [INFO] ThirdParty:1030 - CMSIS Pack Vendor :STMicroelectronics USB_DEVICE 3.0.0
2023-09-21 16:46:14,994 [INFO] ThirdParty:1030 - CMSIS Pack Vendor :STMicroelectronics X-CUBE-AZRTOS-WB 2.0.0
2023-09-21 16:46:14,994 [INFO] ThirdParty:1030 - CMSIS Pack Vendor :STMicroelectronics X-CUBE-FREERTOS 1.0.1
2023-09-21 16:46:14,994 [INFO] ThirdParty:1030 - CMSIS Pack Vendor :STMicroelectronics X-CUBE-AZRTOS-F7 1.1.0
2023-09-21 16:46:14,994 [INFO] ThirdParty:1030 - CMSIS Pack Vendor :STMicroelectronics X-CUBE-TOUCHGFX 4.21.4
2023-09-21 16:46:14,994 [INFO] ThirdParty:1030 - CMSIS Pack Vendor :STMicroelectronics X-CUBE-AZRTOS-L5 2.0.0
2023-09-21 16:46:14,994 [INFO] ThirdParty:1030 - CMSIS Pack Vendor :STMicroelectronics USB_DEVICE 2.0.0
2023-09-21 16:46:14,994 [INFO] ThirdParty:1030 - CMSIS Pack Vendor :STMicroelectronics X-CUBE-MEMS1 9.6.0
2023-09-21 16:46:14,994 [INFO] ThirdParty:1030 - CMSIS Pack Vendor :STMicroelectronics FP-SNS-MOTENV1 4.3.2
2023-09-21 16:46:14,994 [INFO] ThirdParty:1030 - CMSIS Pack Vendor :STMicroelectronics FP-SNS-MOTENV1 4.3.1
2023-09-21 16:46:14,994 [INFO] ThirdParty:1030 - CMSIS Pack Vendor :STMicroelectronics FP-SNS-FLIGHT1 5.0.1
2023-09-21 16:46:14,994 [INFO] ThirdParty:1030 - CMSIS Pack Vendor :STMicroelectronics X-CUBE-ALGOBUILD 1.3.0
2023-09-21 16:46:14,994 [INFO] ThirdParty:1030 - CMSIS Pack Vendor :STMicroelectronics X-CUBE-BLE1 6.2.4
2023-09-21 16:46:14,994 [INFO] ThirdParty:1030 - CMSIS Pack Vendor :STMicroelectronics X-CUBE-AZRTOS-L5 1.1.0
2023-09-21 16:46:14,994 [INFO] ThirdParty:1030 - CMSIS Pack Vendor :STMicroelectronics FreeRTOS 0.0.1
2023-09-21 16:46:14,994 [INFO] ThirdParty:1030 - CMSIS Pack Vendor :STMicroelectronics X-CUBE-AZRTOS-G0 1.1.0
2023-09-21 16:46:14,995 [INFO] ThirdParty:1030 - CMSIS Pack Vendor :emotas I-CUBE-CANOPEN 1.1.3
2023-09-21 16:46:14,995 [INFO] ThirdParty:1030 - CMSIS Pack Vendor :STMicroelectronics X-CUBE-BLEMGR 2.0.0
2023-09-21 16:46:14,995 [INFO] ThirdParty:1030 - CMSIS Pack Vendor :STMicroelectronics X-CUBE-AI 8.0.1
2023-09-21 16:46:14,995 [INFO] ThirdParty:1030 - CMSIS Pack Vendor :STMicroelectronics X-CUBE-NFC4 3.0.0
2023-09-21 16:46:14,995 [INFO] ThirdParty:1030 - CMSIS Pack Vendor :STMicroelectronics X-CUBE-SUBG2 5.0.0
2023-09-21 16:46:14,995 [INFO] ThirdParty:1030 - CMSIS Pack Vendor :STMicroelectronics STM32_WPAN 1.0.0
2023-09-21 16:46:14,995 [INFO] ThirdParty:1030 - CMSIS Pack Vendor :STMicroelectronics lwIP 2.0.3
2023-09-21 16:46:14,995 [INFO] ThirdParty:1030 - CMSIS Pack Vendor :STMicroelectronics FP-SNS-FLIGHT1 5.0.2
2023-09-21 16:46:14,995 [INFO] ThirdParty:1030 - CMSIS Pack Vendor :STMicroelectronics USB_HOST 1.0.0
2023-09-21 16:46:14,995 [INFO] ThirdParty:1030 - CMSIS Pack Vendor :STMicroelectronics X-CUBE-TOF1 3.3.1
2023-09-21 16:46:14,995 [INFO] ThirdParty:1030 - CMSIS Pack Vendor :STMicroelectronics X-CUBE-AZRTOS-G4 2.0.0
2023-09-21 16:46:14,995 [INFO] ThirdParty:1030 - CMSIS Pack Vendor :STMicroelectronics PDM2PCM 3.1.0
2023-09-21 16:46:14,995 [INFO] ThirdParty:1030 - CMSIS Pack Vendor :STMicroelectronics X-CUBE-AZRTOS-H7 3.1.0
2023-09-21 16:46:14,995 [INFO] ThirdParty:1030 - CMSIS Pack Vendor :STMicroelectronics X-CUBE-TOF1 3.3.0
2023-09-21 16:46:14,995 [INFO] ThirdParty:1030 - CMSIS Pack Vendor :STMicroelectronics PDM2PCM 3.3.0
2023-09-21 16:46:14,995 [INFO] ThirdParty:1030 - CMSIS Pack Vendor :STMicroelectronics X-CUBE-DISPLAY 3.0.0
2023-09-21 16:46:14,995 [INFO] ThirdParty:1030 - CMSIS Pack Vendor :STMicroelectronics X-CUBE-BLE1 7.0.0
2023-09-21 16:46:14,995 [INFO] ThirdParty:1030 - CMSIS Pack Vendor :STMicroelectronics FP-ATR-SIGFOX1 3.2.0
2023-09-21 16:46:14,995 [INFO] ThirdParty:1030 - CMSIS Pack Vendor :STMicroelectronics HAL Drivers 0.0.0
2023-09-21 16:46:14,995 [INFO] ThirdParty:1030 - CMSIS Pack Vendor :STMicroelectronics MBEDTLS 2.16.2
2023-09-21 16:46:14,995 [INFO] ThirdParty:1030 - CMSIS Pack Vendor :STMicroelectronics X-CUBE-FREERTOS 1.1.0
2023-09-21 16:46:14,995 [INFO] ThirdParty:1030 - CMSIS Pack Vendor :STMicroelectronics X-CUBE-TOUCHGFX 4.22.0
2023-09-21 16:46:14,995 [INFO] ThirdParty:1030 - CMSIS Pack Vendor :STMicroelectronics X-CUBE-NFC7 1.0.1
2023-09-21 16:46:14,995 [INFO] ThirdParty:1030 - CMSIS Pack Vendor :STMicroelectronics MBEDTLS 2.14.1
2023-09-21 16:46:14,995 [INFO] ThirdParty:1030 - CMSIS Pack Vendor :STMicroelectronics X-CUBE-NFC6 3.0.0
2023-09-21 16:46:14,995 [INFO] ThirdParty:1030 - CMSIS Pack Vendor :STMicroelectronics X-CUBE-EEPRMA1 4.1.0
2023-09-21 16:46:14,995 [INFO] ThirdParty:1030 - CMSIS Pack Vendor :portGmbH I-Cube-SoM-uGOAL 1.1.0
2023-09-21 16:46:14,995 [INFO] ThirdParty:1030 - CMSIS Pack Vendor :STMicroelectronics X-CUBE-ALS 1.0.1
2023-09-21 16:46:14,995 [INFO] ThirdParty:1030 - CMSIS Pack Vendor :STMicroelectronics ThreadX 1.0.0
2023-09-21 16:46:14,995 [INFO] ThirdParty:1030 - CMSIS Pack Vendor :STMicroelectronics FP-SNS-SMARTAG2 1.2.0
2023-09-21 16:46:14,995 [INFO] ThirdParty:1030 - CMSIS Pack Vendor :STMicroelectronics X-CUBE-AZRTOS-WB 1.1.0
2023-09-21 16:46:14,995 [INFO] ThirdParty:1030 - CMSIS Pack Vendor :STMicroelectronics X-CUBE-AZRTOS-WL 2.0.0
2023-09-21 16:46:14,995 [INFO] ThirdParty:1030 - CMSIS Pack Vendor :SEGGER I-CUBE-embOS 1.3.1
2023-09-21 16:46:14,995 [INFO] ThirdParty:1030 - CMSIS Pack Vendor :STMicroelectronics USB_DEVICE 1.0.0
2023-09-21 16:46:14,995 [INFO] ThirdParty:1030 - CMSIS Pack Vendor :STMicroelectronics X-CUBE-AI 8.1.0
2023-09-21 16:46:14,995 [INFO] ThirdParty:1030 - CMSIS Pack Vendor :STMicroelectronics X-CUBE-AZRTOS-L4 2.0.0
2023-09-21 16:46:14,996 [INFO] ThirdParty:1030 - CMSIS Pack Vendor :STMicroelectronics ThreadX 0.0.2
2023-09-21 16:46:14,996 [INFO] ThirdParty:1030 - CMSIS Pack Vendor :WES I-CUBE-Cesium 1.3.0
2023-09-21 16:46:14,996 [INFO] ThirdParty:1030 - CMSIS Pack Vendor :STMicroelectronics FP-ATR-ASTRA1 2.0.0
2023-09-21 16:46:14,996 [INFO] ThirdParty:1030 - CMSIS Pack Vendor :STMicroelectronics lwIP 2.1.2
2023-09-21 16:46:14,996 [INFO] ThirdParty:1030 - CMSIS Pack Vendor :STMicroelectronics X-CUBE-SFXS2LP1 4.0.0
2023-09-21 16:46:14,996 [INFO] ThirdParty:1030 - CMSIS Pack Vendor :STMicroelectronics X-CUBE-BLE2 3.3.0
2023-09-21 16:46:14,996 [INFO] ThirdParty:1030 - CMSIS Pack Vendor :STMicroelectronics PDM2PCM 3.2.0
2023-09-21 16:46:14,996 [INFO] ThirdParty:841 - exiting critical section [change project]
2023-09-21 16:46:15,306 [INFO] PinOutPanel:1499 - setPackage(No Configuration,No Configuration)
2023-09-21 16:46:15,307 [INFO] PinOutPanel:1499 - setPackage(STM32F401RETx,LQFP64)
2023-09-21 16:46:15,860 [INFO] UtilMem:75 - Before build in PCC Used Memory: 529714136 Bytes (589299712)
2023-09-21 16:46:16,648 [INFO] UtilMem:75 - After build in PCC Used Memory: 549411736 Bytes (589299712)
2023-09-21 16:46:16,689 [INFO] IPUIPlugin:80 - create IPUIPlugin
2023-09-21 16:46:16,689 [INFO] IPUIPlugin:80 - create IPUIPlugin
2023-09-21 16:46:16,690 [INFO] IPUIPlugin:80 - create IPUIPlugin
2023-09-21 16:46:16,690 [INFO] IPUIPlugin:80 - create IPUIPlugin
2023-09-21 16:46:16,690 [INFO] IPUIPlugin:80 - create IPUIPlugin
2023-09-21 16:46:16,690 [INFO] IPUIPlugin:80 - create IPUIPlugin
2023-09-21 16:46:16,690 [INFO] IPUIPlugin:80 - create IPUIPlugin
2023-09-21 16:46:16,690 [INFO] IPUIPlugin:80 - create IPUIPlugin
2023-09-21 16:46:16,690 [INFO] IPUIPlugin:80 - create IPUIPlugin
2023-09-21 16:46:16,690 [INFO] IPUIPlugin:80 - create IPUIPlugin
2023-09-21 16:46:16,690 [INFO] IPUIPlugin:80 - create IPUIPlugin
2023-09-21 16:46:16,690 [INFO] IPUIPlugin:80 - create IPUIPlugin
2023-09-21 16:46:16,691 [INFO] IPUIPlugin:80 - create IPUIPlugin
2023-09-21 16:46:16,691 [INFO] IPUIPlugin:80 - create IPUIPlugin
2023-09-21 16:46:16,691 [INFO] IPUIPlugin:80 - create IPUIPlugin
2023-09-21 16:46:16,691 [INFO] IPUIPlugin:80 - create IPUIPlugin
2023-09-21 16:46:16,691 [INFO] IPUIPlugin:80 - create IPUIPlugin
2023-09-21 16:46:16,691 [INFO] IPUIPlugin:80 - create IPUIPlugin
2023-09-21 16:46:16,692 [INFO] IPUIPlugin:80 - create IPUIPlugin
2023-09-21 16:46:16,692 [INFO] IPUIPlugin:80 - create IPUIPlugin
2023-09-21 16:46:16,692 [INFO] IPUIPlugin:80 - create IPUIPlugin
2023-09-21 16:46:16,692 [INFO] IPUIPlugin:80 - create IPUIPlugin
2023-09-21 16:46:16,692 [INFO] IPUIPlugin:80 - create IPUIPlugin
2023-09-21 16:46:16,694 [INFO] IPUIPlugin:80 - create IPUIPlugin
2023-09-21 16:46:16,694 [INFO] IPUIPlugin:80 - create IPUIPlugin
2023-09-21 16:46:16,694 [INFO] IPUIPlugin:80 - create IPUIPlugin
2023-09-21 16:46:16,694 [INFO] IPUIPlugin:80 - create IPUIPlugin
2023-09-21 16:46:16,694 [INFO] IPUIPlugin:80 - create IPUIPlugin
2023-09-21 16:46:16,694 [INFO] IPUIPlugin:80 - create IPUIPlugin
2023-09-21 16:46:16,695 [INFO] IPUIPlugin:80 - create IPUIPlugin
2023-09-21 16:46:16,695 [INFO] IPUIPlugin:80 - create IPUIPlugin
2023-09-21 16:46:16,695 [INFO] IPUIPlugin:80 - create IPUIPlugin
2023-09-21 16:46:16,695 [INFO] IPUIPlugin:80 - create IPUIPlugin
2023-09-21 16:46:16,695 [INFO] IPUIPlugin:80 - create IPUIPlugin
2023-09-21 16:46:16,696 [INFO] IPUIPlugin:80 - create IPUIPlugin
2023-09-21 16:46:16,696 [INFO] IPUIPlugin:80 - create IPUIPlugin
2023-09-21 16:46:16,697 [INFO] IPUIPlugin:80 - create IPUIPlugin
2023-09-21 16:46:16,697 [INFO] IPUIPlugin:80 - create IPUIPlugin
2023-09-21 16:46:16,778 [INFO] ApiDbMcu:507 - Load IP Config File for PDM2PCM
2023-09-21 16:46:17,010 [INFO] CADModel:165 - CPN selected for project levelSTM32F401RET6
2023-09-21 16:46:17,010 [INFO] CADModel:114 - Register for checkConnection events
2023-09-21 16:46:17,067 [INFO] OpenFileManager:328 - Restore cursor
2023-09-21 16:49:32,834 [ERROR] LogOutputStream:75 - [STDERR_REDIRECT] Exception in thread "AWT-EventQueue-0" java.awt.IllegalComponentStateException: Native resources unavailable
2023-09-21 16:49:32,835 [ERROR] LogOutputStream:75 - [STDERR_REDIRECT] 	at java.desktop/sun.awt.windows.WWindowPeer.getScreenImOn(Native Method)
2023-09-21 16:49:32,836 [ERROR] LogOutputStream:75 - [STDERR_REDIRECT] 	at java.desktop/sun.awt.windows.WWindowPeer.updateGC(WWindowPeer.java:566)
2023-09-21 16:49:32,837 [ERROR] LogOutputStream:75 - [STDERR_REDIRECT] 	at java.desktop/java.awt.event.InvocationEvent.dispatch(InvocationEvent.java:313)
2023-09-21 16:49:32,838 [ERROR] LogOutputStream:75 - [STDERR_REDIRECT] 	at java.desktop/java.awt.EventQueue.dispatchEventImpl(EventQueue.java:770)
2023-09-21 16:49:32,838 [ERROR] LogOutputStream:75 - [STDERR_REDIRECT] 	at java.desktop/java.awt.EventQueue$4.run(EventQueue.java:721)
2023-09-21 16:49:32,839 [ERROR] LogOutputStream:75 - [STDERR_REDIRECT] 	at java.desktop/java.awt.EventQueue$4.run(EventQueue.java:715)
2023-09-21 16:49:32,839 [ERROR] LogOutputStream:75 - [STDERR_REDIRECT] 	at java.base/java.security.AccessController.doPrivileged(Native Method)
2023-09-21 16:49:32,840 [ERROR] LogOutputStream:75 - [STDERR_REDIRECT] 	at java.base/java.security.ProtectionDomain$JavaSecurityAccessImpl.doIntersectionPrivilege(ProtectionDomain.java:85)
2023-09-21 16:49:32,841 [ERROR] LogOutputStream:75 - [STDERR_REDIRECT] 	at java.base/java.security.ProtectionDomain$JavaSecurityAccessImpl.doIntersectionPrivilege(ProtectionDomain.java:95)
2023-09-21 16:49:32,842 [ERROR] LogOutputStream:75 - [STDERR_REDIRECT] 	at java.desktop/java.awt.EventQueue$5.run(EventQueue.java:745)
2023-09-21 16:49:32,842 [ERROR] LogOutputStream:75 - [STDERR_REDIRECT] 	at java.desktop/java.awt.EventQueue$5.run(EventQueue.java:743)
2023-09-21 16:49:32,843 [ERROR] LogOutputStream:75 - [STDERR_REDIRECT] 	at java.base/java.security.AccessController.doPrivileged(Native Method)
2023-09-21 16:49:32,844 [ERROR] LogOutputStream:75 - [STDERR_REDIRECT] 	at java.base/java.security.ProtectionDomain$JavaSecurityAccessImpl.doIntersectionPrivilege(ProtectionDomain.java:85)
2023-09-21 16:49:32,845 [ERROR] LogOutputStream:75 - [STDERR_REDIRECT] 	at java.desktop/java.awt.EventQueue.dispatchEvent(EventQueue.java:742)
2023-09-21 16:49:32,845 [ERROR] LogOutputStream:75 - [STDERR_REDIRECT] 	at java.desktop/java.awt.EventDispatchThread.pumpOneEventForFilters(EventDispatchThread.java:203)
2023-09-21 16:49:32,846 [ERROR] LogOutputStream:75 - [STDERR_REDIRECT] 	at java.desktop/java.awt.EventDispatchThread.pumpEventsForFilter(EventDispatchThread.java:124)
2023-09-21 16:49:32,847 [ERROR] LogOutputStream:75 - [STDERR_REDIRECT] 	at java.desktop/java.awt.EventDispatchThread.pumpEventsForHierarchy(EventDispatchThread.java:113)
2023-09-21 16:49:32,848 [ERROR] LogOutputStream:75 - [STDERR_REDIRECT] 	at java.desktop/java.awt.EventDispatchThread.pumpEvents(EventDispatchThread.java:109)
2023-09-21 16:49:32,848 [ERROR] LogOutputStream:75 - [STDERR_REDIRECT] 	at java.desktop/java.awt.EventDispatchThread.pumpEvents(EventDispatchThread.java:101)
2023-09-21 16:49:32,849 [ERROR] LogOutputStream:75 - [STDERR_REDIRECT] 	at java.desktop/java.awt.EventDispatchThread.run(EventDispatchThread.java:90)
2023-09-21 16:49:32,899 [INFO] MainUpdater:2854 - connection check result : 10
2023-09-21 16:49:32,900 [INFO] MainUpdater:2854 - connection check result : 10
2023-09-21 16:49:33,014 [INFO] MicroXplorer:468 - Change Database Path : 
2023-09-21 16:49:33,014 [INFO] MicroXplorer:498 - Change Database Version : DB.6.0.81
2023-09-21 16:49:33,029 [WARN] ThirdParty:871 - waiting for thirdparty lock release [close project]
2023-09-21 16:49:33,029 [INFO] ThirdParty:873 - entering critical section [close project]
2023-09-21 16:49:33,029 [INFO] ThirdParty:883 - exiting critical section [close project]
2023-09-21 16:49:33,031 [INFO] PinOutPanel:1499 - setPackage(No Configuration,No Configuration)
2023-09-21 16:49:33,036 [WARN] IpParametersView:150 - Warning: This peripheral hasn't parameters
2023-09-21 16:49:33,041 [WARN] MainPanel:257 - <html><b><center>Warning: This peripheral has no parameters to be configured<br></b></html>
2023-09-21 16:49:33,046 [INFO] UtilMem:75 - Begin LoadConfig() Used Memory: 545341672 Bytes (589299712)
2023-09-21 16:49:33,046 [INFO] MicroXplorer:468 - Change Database Path : 
2023-09-21 16:49:33,046 [INFO] MicroXplorer:498 - Change Database Version : DB.6.0.81
2023-09-21 16:49:33,047 [INFO] OpenFileManager:308 - Change cursor
2023-09-21 16:49:33,050 [INFO] Mcu:1937 - Initializing MCU STM32F401R(D-E)Tx STM32F401RETx STM32F401RET6
2023-09-21 16:49:33,653 [INFO] Context:659 - Trying to add GPIOservice into a context  which must be forbidden
2023-09-21 16:49:33,853 [INFO] RtosManager:555 - Registered RTOS mode: class=CMSIS, group=RTOS, mode=CMSIS_V1, owner=FREERTOS
2023-09-21 16:49:33,853 [INFO] RtosManager:555 - Registered RTOS mode: class=CMSIS, group=RTOS2, mode=CMSIS_V2, owner=FREERTOS
2023-09-21 16:49:33,853 [INFO] RtosManager:555 - Registered RTOS mode: class=RTOS, group=Core, mode=CMSIS_V1, owner=FREERTOS
2023-09-21 16:49:33,853 [INFO] RtosManager:555 - Registered RTOS mode: class=RTOS, group=Core, mode=CMSIS_V2, owner=FREERTOS
2023-09-21 16:49:33,853 [WARN] ModelIntegratedComponent:184 - Missing modes for component STMicroelectronics:FreeRTOS:0.0.1:STMicroelectronics:RTOS:FreeRTOS:Core:::10.2.0:
2023-09-21 16:49:33,860 [WARN] ModelIntegratedComponent:63 - No mode defined for component null
2023-09-21 16:49:33,860 [WARN] ModelIntegratedComponent:63 - No mode defined for component null
2023-09-21 16:49:33,860 [WARN] ModelIntegratedComponent:63 - No mode defined for component null
2023-09-21 16:49:33,860 [WARN] ModelIntegratedComponent:63 - No mode defined for component null
2023-09-21 16:49:33,860 [WARN] ModelIntegratedComponent:63 - No mode defined for component null
2023-09-21 16:49:33,860 [WARN] ModelIntegratedComponent:63 - No mode defined for component null
2023-09-21 16:49:33,860 [WARN] ModelIntegratedComponent:63 - No mode defined for component null
2023-09-21 16:49:33,861 [WARN] ModelIntegratedComponent:63 - No mode defined for component null
2023-09-21 16:49:33,861 [WARN] ModelIntegratedComponent:63 - No mode defined for component null
2023-09-21 16:49:33,861 [WARN] ModelIntegratedComponent:63 - No mode defined for component null
2023-09-21 16:49:33,861 [WARN] ModelIntegratedComponent:63 - No mode defined for component null
2023-09-21 16:49:33,861 [WARN] ModelIntegratedComponent:63 - No mode defined for component null
2023-09-21 16:49:33,861 [WARN] ModelIntegratedComponent:63 - No mode defined for component null
2023-09-21 16:49:33,861 [WARN] ModelIntegratedComponent:63 - No mode defined for component null
2023-09-21 16:49:33,861 [WARN] ModelIntegratedComponent:63 - No mode defined for component null
2023-09-21 16:49:33,861 [WARN] ModelIntegratedComponent:63 - No mode defined for component null
2023-09-21 16:49:33,861 [WARN] ModelIntegratedComponent:63 - No mode defined for component null
2023-09-21 16:49:33,861 [WARN] ModelIntegratedComponent:63 - No mode defined for component null
2023-09-21 16:49:33,861 [WARN] ModelIntegratedComponent:63 - No mode defined for component null
2023-09-21 16:49:33,861 [WARN] ModelIntegratedComponent:63 - No mode defined for component null
2023-09-21 16:49:33,861 [WARN] ModelIntegratedComponent:63 - No mode defined for component null
2023-09-21 16:49:33,861 [WARN] ModelIntegratedComponent:63 - No mode defined for component null
2023-09-21 16:49:33,861 [WARN] ModelIntegratedComponent:63 - No mode defined for component null
2023-09-21 16:49:33,861 [WARN] ModelIntegratedComponent:63 - No mode defined for component null
2023-09-21 16:49:33,861 [WARN] ModelIntegratedComponent:63 - No mode defined for component null
2023-09-21 16:49:33,861 [WARN] ModelIntegratedComponent:63 - No mode defined for component null
2023-09-21 16:49:33,861 [WARN] ModelIntegratedComponent:63 - No mode defined for component null
2023-09-21 16:49:33,861 [WARN] ModelIntegratedComponent:63 - No mode defined for component null
2023-09-21 16:49:33,861 [WARN] ModelIntegratedComponent:63 - No mode defined for component null
2023-09-21 16:49:33,861 [WARN] ModelIntegratedComponent:63 - No mode defined for component null
2023-09-21 16:49:33,861 [WARN] ModelIntegratedComponent:63 - No mode defined for component null
2023-09-21 16:49:33,861 [WARN] ModelIntegratedComponent:63 - No mode defined for component null
2023-09-21 16:49:33,861 [WARN] ModelIntegratedComponent:63 - No mode defined for component null
2023-09-21 16:49:33,869 [INFO] ThirdPartyModel:298 - Start build external matchings
2023-09-21 16:49:34,038 [INFO] ThirdPartyModel:316 - End build external matchings
2023-09-21 16:49:34,045 [INFO] ImportTextPane:194 - (OptionalMessage_ERROR) IP (RCC) : Parameter (RTCHSEDivFreq_Value) has invalid value (4000000)
2023-09-21 16:49:34,259 [INFO] UtilMem:75 - End LoadConfig() Used Memory: 567562800 Bytes (609222656)
2023-09-21 16:49:34,289 [WARN] ThirdParty:833 - waiting for thirdparty lock release [change project]
2023-09-21 16:49:34,289 [INFO] ThirdParty:835 - entering critical section [change project]
2023-09-21 16:49:34,289 [INFO] ThirdParty:1030 - CMSIS Pack Vendor :STMicroelectronics X-CUBE-ISPU 1.1.0
2023-09-21 16:49:34,289 [INFO] ThirdParty:1030 - CMSIS Pack Vendor :STMicroelectronics X-CUBE-GNSS1 6.0.0
2023-09-21 16:49:34,289 [INFO] ThirdParty:1030 - CMSIS Pack Vendor :STMicroelectronics USB_HOST 2.0.0
2023-09-21 16:49:34,289 [INFO] ThirdParty:1030 - CMSIS Pack Vendor :STMicroelectronics X-CUBE-AZRTOS-F4 1.1.0
2023-09-21 16:49:34,289 [INFO] ThirdParty:1030 - CMSIS Pack Vendor :STMicroelectronics LIBJPEG 8.0.0
2023-09-21 16:49:34,289 [INFO] ThirdParty:1030 - CMSIS Pack Vendor :STMicroelectronics X-CUBE-SMBUS 2.1.0
2023-09-21 16:49:34,289 [INFO] ThirdParty:1030 - CMSIS Pack Vendor :wolfSSL I-CUBE-wolfSSL 5.6.0
2023-09-21 16:49:34,289 [INFO] ThirdParty:1030 - CMSIS Pack Vendor :STMicroelectronics USB_DEVICE 3.0.0
2023-09-21 16:49:34,289 [INFO] ThirdParty:1030 - CMSIS Pack Vendor :STMicroelectronics X-CUBE-AZRTOS-WB 2.0.0
2023-09-21 16:49:34,289 [INFO] ThirdParty:1030 - CMSIS Pack Vendor :STMicroelectronics X-CUBE-FREERTOS 1.0.1
2023-09-21 16:49:34,289 [INFO] ThirdParty:1030 - CMSIS Pack Vendor :STMicroelectronics X-CUBE-AZRTOS-F7 1.1.0
2023-09-21 16:49:34,289 [INFO] ThirdParty:1030 - CMSIS Pack Vendor :STMicroelectronics X-CUBE-TOUCHGFX 4.21.4
2023-09-21 16:49:34,289 [INFO] ThirdParty:1030 - CMSIS Pack Vendor :STMicroelectronics X-CUBE-AZRTOS-L5 2.0.0
2023-09-21 16:49:34,289 [INFO] ThirdParty:1030 - CMSIS Pack Vendor :STMicroelectronics USB_DEVICE 2.0.0
2023-09-21 16:49:34,289 [INFO] ThirdParty:1030 - CMSIS Pack Vendor :STMicroelectronics X-CUBE-MEMS1 9.6.0
2023-09-21 16:49:34,290 [INFO] ThirdParty:1030 - CMSIS Pack Vendor :STMicroelectronics FP-SNS-MOTENV1 4.3.2
2023-09-21 16:49:34,290 [INFO] ThirdParty:1030 - CMSIS Pack Vendor :STMicroelectronics FP-SNS-MOTENV1 4.3.1
2023-09-21 16:49:34,290 [INFO] ThirdParty:1030 - CMSIS Pack Vendor :STMicroelectronics FP-SNS-FLIGHT1 5.0.1
2023-09-21 16:49:34,290 [INFO] ThirdParty:1030 - CMSIS Pack Vendor :STMicroelectronics X-CUBE-ALGOBUILD 1.3.0
2023-09-21 16:49:34,290 [INFO] ThirdParty:1030 - CMSIS Pack Vendor :STMicroelectronics X-CUBE-BLE1 6.2.4
2023-09-21 16:49:34,290 [INFO] ThirdParty:1030 - CMSIS Pack Vendor :STMicroelectronics X-CUBE-AZRTOS-L5 1.1.0
2023-09-21 16:49:34,290 [INFO] ThirdParty:1030 - CMSIS Pack Vendor :STMicroelectronics FreeRTOS 0.0.1
2023-09-21 16:49:34,290 [INFO] ThirdParty:1030 - CMSIS Pack Vendor :STMicroelectronics X-CUBE-AZRTOS-G0 1.1.0
2023-09-21 16:49:34,290 [INFO] ThirdParty:1030 - CMSIS Pack Vendor :emotas I-CUBE-CANOPEN 1.1.3
2023-09-21 16:49:34,290 [INFO] ThirdParty:1030 - CMSIS Pack Vendor :STMicroelectronics X-CUBE-BLEMGR 2.0.0
2023-09-21 16:49:34,290 [INFO] ThirdParty:1030 - CMSIS Pack Vendor :STMicroelectronics X-CUBE-AI 8.0.1
2023-09-21 16:49:34,290 [INFO] ThirdParty:1030 - CMSIS Pack Vendor :STMicroelectronics X-CUBE-NFC4 3.0.0
2023-09-21 16:49:34,290 [INFO] ThirdParty:1030 - CMSIS Pack Vendor :STMicroelectronics X-CUBE-SUBG2 5.0.0
2023-09-21 16:49:34,290 [INFO] ThirdParty:1030 - CMSIS Pack Vendor :STMicroelectronics STM32_WPAN 1.0.0
2023-09-21 16:49:34,290 [INFO] ThirdParty:1030 - CMSIS Pack Vendor :STMicroelectronics lwIP 2.0.3
2023-09-21 16:49:34,290 [INFO] ThirdParty:1030 - CMSIS Pack Vendor :STMicroelectronics FP-SNS-FLIGHT1 5.0.2
2023-09-21 16:49:34,290 [INFO] ThirdParty:1030 - CMSIS Pack Vendor :STMicroelectronics USB_HOST 1.0.0
2023-09-21 16:49:34,291 [INFO] ThirdParty:1030 - CMSIS Pack Vendor :STMicroelectronics X-CUBE-TOF1 3.3.1
2023-09-21 16:49:34,291 [INFO] ThirdParty:1030 - CMSIS Pack Vendor :STMicroelectronics X-CUBE-AZRTOS-G4 2.0.0
2023-09-21 16:49:34,291 [INFO] ThirdParty:1030 - CMSIS Pack Vendor :STMicroelectronics PDM2PCM 3.1.0
2023-09-21 16:49:34,291 [INFO] ThirdParty:1030 - CMSIS Pack Vendor :STMicroelectronics X-CUBE-AZRTOS-H7 3.1.0
2023-09-21 16:49:34,291 [INFO] ThirdParty:1030 - CMSIS Pack Vendor :STMicroelectronics X-CUBE-TOF1 3.3.0
2023-09-21 16:49:34,291 [INFO] ThirdParty:1030 - CMSIS Pack Vendor :STMicroelectronics PDM2PCM 3.3.0
2023-09-21 16:49:34,291 [INFO] ThirdParty:1030 - CMSIS Pack Vendor :STMicroelectronics X-CUBE-DISPLAY 3.0.0
2023-09-21 16:49:34,291 [INFO] ThirdParty:1030 - CMSIS Pack Vendor :STMicroelectronics X-CUBE-BLE1 7.0.0
2023-09-21 16:49:34,291 [INFO] ThirdParty:1030 - CMSIS Pack Vendor :STMicroelectronics FP-ATR-SIGFOX1 3.2.0
2023-09-21 16:49:34,291 [INFO] ThirdParty:1030 - CMSIS Pack Vendor :STMicroelectronics HAL Drivers 0.0.0
2023-09-21 16:49:34,291 [INFO] ThirdParty:1030 - CMSIS Pack Vendor :STMicroelectronics MBEDTLS 2.16.2
2023-09-21 16:49:34,291 [INFO] ThirdParty:1030 - CMSIS Pack Vendor :STMicroelectronics X-CUBE-FREERTOS 1.1.0
2023-09-21 16:49:34,291 [INFO] ThirdParty:1030 - CMSIS Pack Vendor :STMicroelectronics X-CUBE-TOUCHGFX 4.22.0
2023-09-21 16:49:34,291 [INFO] ThirdParty:1030 - CMSIS Pack Vendor :STMicroelectronics X-CUBE-NFC7 1.0.1
2023-09-21 16:49:34,291 [INFO] ThirdParty:1030 - CMSIS Pack Vendor :STMicroelectronics MBEDTLS 2.14.1
2023-09-21 16:49:34,291 [INFO] ThirdParty:1030 - CMSIS Pack Vendor :STMicroelectronics X-CUBE-NFC6 3.0.0
2023-09-21 16:49:34,291 [INFO] ThirdParty:1030 - CMSIS Pack Vendor :STMicroelectronics X-CUBE-EEPRMA1 4.1.0
2023-09-21 16:49:34,291 [INFO] ThirdParty:1030 - CMSIS Pack Vendor :portGmbH I-Cube-SoM-uGOAL 1.1.0
2023-09-21 16:49:34,291 [INFO] ThirdParty:1030 - CMSIS Pack Vendor :STMicroelectronics X-CUBE-ALS 1.0.1
2023-09-21 16:49:34,291 [INFO] ThirdParty:1030 - CMSIS Pack Vendor :STMicroelectronics ThreadX 1.0.0
2023-09-21 16:49:34,291 [INFO] ThirdParty:1030 - CMSIS Pack Vendor :STMicroelectronics FP-SNS-SMARTAG2 1.2.0
2023-09-21 16:49:34,291 [INFO] ThirdParty:1030 - CMSIS Pack Vendor :STMicroelectronics X-CUBE-AZRTOS-WB 1.1.0
2023-09-21 16:49:34,292 [INFO] ThirdParty:1030 - CMSIS Pack Vendor :STMicroelectronics X-CUBE-AZRTOS-WL 2.0.0
2023-09-21 16:49:34,292 [INFO] ThirdParty:1030 - CMSIS Pack Vendor :SEGGER I-CUBE-embOS 1.3.1
2023-09-21 16:49:34,292 [INFO] ThirdParty:1030 - CMSIS Pack Vendor :STMicroelectronics USB_DEVICE 1.0.0
2023-09-21 16:49:34,292 [INFO] ThirdParty:1030 - CMSIS Pack Vendor :STMicroelectronics X-CUBE-AI 8.1.0
2023-09-21 16:49:34,292 [INFO] ThirdParty:1030 - CMSIS Pack Vendor :STMicroelectronics X-CUBE-AZRTOS-L4 2.0.0
2023-09-21 16:49:34,292 [INFO] ThirdParty:1030 - CMSIS Pack Vendor :STMicroelectronics ThreadX 0.0.2
2023-09-21 16:49:34,292 [INFO] ThirdParty:1030 - CMSIS Pack Vendor :WES I-CUBE-Cesium 1.3.0
2023-09-21 16:49:34,292 [INFO] ThirdParty:1030 - CMSIS Pack Vendor :STMicroelectronics FP-ATR-ASTRA1 2.0.0
2023-09-21 16:49:34,292 [INFO] ThirdParty:1030 - CMSIS Pack Vendor :STMicroelectronics lwIP 2.1.2
2023-09-21 16:49:34,292 [INFO] ThirdParty:1030 - CMSIS Pack Vendor :STMicroelectronics X-CUBE-SFXS2LP1 4.0.0
2023-09-21 16:49:34,292 [INFO] ThirdParty:1030 - CMSIS Pack Vendor :STMicroelectronics X-CUBE-BLE2 3.3.0
2023-09-21 16:49:34,292 [INFO] ThirdParty:1030 - CMSIS Pack Vendor :STMicroelectronics PDM2PCM 3.2.0
2023-09-21 16:49:34,292 [INFO] ThirdParty:841 - exiting critical section [change project]
2023-09-21 16:49:34,500 [INFO] PinOutPanel:1499 - setPackage(No Configuration,No Configuration)
2023-09-21 16:49:34,500 [INFO] PinOutPanel:1499 - setPackage(STM32F401RETx,LQFP64)
2023-09-21 16:49:34,667 [INFO] UtilMem:75 - Before build in PCC Used Memory: 552701912 Bytes (665845760)
2023-09-21 16:49:34,825 [INFO] UtilMem:75 - After build in PCC Used Memory: 567170560 Bytes (665845760)
2023-09-21 16:49:34,838 [INFO] IPUIPlugin:80 - create IPUIPlugin
2023-09-21 16:49:34,838 [INFO] IPUIPlugin:80 - create IPUIPlugin
2023-09-21 16:49:34,838 [INFO] IPUIPlugin:80 - create IPUIPlugin
2023-09-21 16:49:34,838 [INFO] IPUIPlugin:80 - create IPUIPlugin
2023-09-21 16:49:34,838 [INFO] IPUIPlugin:80 - create IPUIPlugin
2023-09-21 16:49:34,838 [INFO] IPUIPlugin:80 - create IPUIPlugin
2023-09-21 16:49:34,838 [INFO] IPUIPlugin:80 - create IPUIPlugin
2023-09-21 16:49:34,838 [INFO] IPUIPlugin:80 - create IPUIPlugin
2023-09-21 16:49:34,838 [INFO] IPUIPlugin:80 - create IPUIPlugin
2023-09-21 16:49:34,838 [INFO] IPUIPlugin:80 - create IPUIPlugin
2023-09-21 16:49:34,838 [INFO] IPUIPlugin:80 - create IPUIPlugin
2023-09-21 16:49:34,838 [INFO] IPUIPlugin:80 - create IPUIPlugin
2023-09-21 16:49:34,839 [INFO] IPUIPlugin:80 - create IPUIPlugin
2023-09-21 16:49:34,839 [INFO] IPUIPlugin:80 - create IPUIPlugin
2023-09-21 16:49:34,839 [INFO] IPUIPlugin:80 - create IPUIPlugin
2023-09-21 16:49:34,839 [INFO] IPUIPlugin:80 - create IPUIPlugin
2023-09-21 16:49:34,839 [INFO] IPUIPlugin:80 - create IPUIPlugin
2023-09-21 16:49:34,839 [INFO] IPUIPlugin:80 - create IPUIPlugin
2023-09-21 16:49:34,840 [INFO] IPUIPlugin:80 - create IPUIPlugin
2023-09-21 16:49:34,840 [INFO] IPUIPlugin:80 - create IPUIPlugin
2023-09-21 16:49:34,840 [INFO] IPUIPlugin:80 - create IPUIPlugin
2023-09-21 16:49:34,840 [INFO] IPUIPlugin:80 - create IPUIPlugin
2023-09-21 16:49:34,840 [INFO] IPUIPlugin:80 - create IPUIPlugin
2023-09-21 16:49:34,840 [INFO] IPUIPlugin:80 - create IPUIPlugin
2023-09-21 16:49:34,840 [INFO] IPUIPlugin:80 - create IPUIPlugin
2023-09-21 16:49:34,840 [INFO] IPUIPlugin:80 - create IPUIPlugin
2023-09-21 16:49:34,840 [INFO] IPUIPlugin:80 - create IPUIPlugin
2023-09-21 16:49:34,840 [INFO] IPUIPlugin:80 - create IPUIPlugin
2023-09-21 16:49:34,840 [INFO] IPUIPlugin:80 - create IPUIPlugin
2023-09-21 16:49:34,841 [INFO] IPUIPlugin:80 - create IPUIPlugin
2023-09-21 16:49:34,841 [INFO] IPUIPlugin:80 - create IPUIPlugin
2023-09-21 16:49:34,841 [INFO] IPUIPlugin:80 - create IPUIPlugin
2023-09-21 16:49:34,841 [INFO] IPUIPlugin:80 - create IPUIPlugin
2023-09-21 16:49:34,842 [INFO] IPUIPlugin:80 - create IPUIPlugin
2023-09-21 16:49:34,842 [INFO] IPUIPlugin:80 - create IPUIPlugin
2023-09-21 16:49:34,842 [INFO] IPUIPlugin:80 - create IPUIPlugin
2023-09-21 16:49:34,842 [INFO] IPUIPlugin:80 - create IPUIPlugin
2023-09-21 16:49:34,842 [INFO] IPUIPlugin:80 - create IPUIPlugin
2023-09-21 16:49:34,844 [INFO] ApiDbMcu:507 - Load IP Config File for PDM2PCM
2023-09-21 16:49:34,886 [INFO] CADModel:165 - CPN selected for project levelSTM32F401RET6
2023-09-21 16:49:34,886 [INFO] CADModel:114 - Register for checkConnection events
2023-09-21 16:49:34,944 [INFO] OpenFileManager:328 - Restore cursor
2023-09-21 17:22:39,215 [INFO] MainUpdater:2854 - connection check result : 10
2023-09-21 17:22:39,216 [INFO] MainUpdater:2854 - connection check result : 10
2023-09-21 17:22:39,489 [INFO] MicroXplorer:468 - Change Database Path : 
2023-09-21 17:22:39,490 [INFO] MicroXplorer:498 - Change Database Version : DB.6.0.81
2023-09-21 17:22:39,503 [WARN] ThirdParty:871 - waiting for thirdparty lock release [close project]
2023-09-21 17:22:39,503 [INFO] ThirdParty:873 - entering critical section [close project]
2023-09-21 17:22:39,503 [INFO] ThirdParty:883 - exiting critical section [close project]
2023-09-21 17:22:39,504 [INFO] PinOutPanel:1499 - setPackage(No Configuration,No Configuration)
2023-09-21 17:22:39,509 [WARN] IpParametersView:150 - Warning: This peripheral hasn't parameters
2023-09-21 17:22:39,512 [WARN] MainPanel:257 - <html><b><center>Warning: This peripheral has no parameters to be configured<br></b></html>
2023-09-21 17:22:39,514 [INFO] UtilMem:75 - Begin LoadConfig() Used Memory: 553430528 Bytes (665845760)
2023-09-21 17:22:39,514 [INFO] MicroXplorer:468 - Change Database Path : 
2023-09-21 17:22:39,514 [INFO] MicroXplorer:498 - Change Database Version : DB.6.0.81
2023-09-21 17:22:39,514 [INFO] OpenFileManager:308 - Change cursor
2023-09-21 17:22:39,520 [INFO] Mcu:1937 - Initializing MCU STM32F401R(D-E)Tx STM32F401RETx STM32F401RET6
2023-09-21 17:22:40,034 [INFO] Context:659 - Trying to add GPIOservice into a context  which must be forbidden
2023-09-21 17:22:40,235 [INFO] RtosManager:555 - Registered RTOS mode: class=CMSIS, group=RTOS, mode=CMSIS_V1, owner=FREERTOS
2023-09-21 17:22:40,235 [INFO] RtosManager:555 - Registered RTOS mode: class=CMSIS, group=RTOS2, mode=CMSIS_V2, owner=FREERTOS
2023-09-21 17:22:40,235 [INFO] RtosManager:555 - Registered RTOS mode: class=RTOS, group=Core, mode=CMSIS_V1, owner=FREERTOS
2023-09-21 17:22:40,235 [INFO] RtosManager:555 - Registered RTOS mode: class=RTOS, group=Core, mode=CMSIS_V2, owner=FREERTOS
2023-09-21 17:22:40,235 [WARN] ModelIntegratedComponent:184 - Missing modes for component STMicroelectronics:FreeRTOS:0.0.1:STMicroelectronics:RTOS:FreeRTOS:Core:::10.2.0:
2023-09-21 17:22:40,243 [WARN] ModelIntegratedComponent:63 - No mode defined for component null
2023-09-21 17:22:40,243 [WARN] ModelIntegratedComponent:63 - No mode defined for component null
2023-09-21 17:22:40,243 [WARN] ModelIntegratedComponent:63 - No mode defined for component null
2023-09-21 17:22:40,243 [WARN] ModelIntegratedComponent:63 - No mode defined for component null
2023-09-21 17:22:40,244 [WARN] ModelIntegratedComponent:63 - No mode defined for component null
2023-09-21 17:22:40,244 [WARN] ModelIntegratedComponent:63 - No mode defined for component null
2023-09-21 17:22:40,244 [WARN] ModelIntegratedComponent:63 - No mode defined for component null
2023-09-21 17:22:40,244 [WARN] ModelIntegratedComponent:63 - No mode defined for component null
2023-09-21 17:22:40,244 [WARN] ModelIntegratedComponent:63 - No mode defined for component null
2023-09-21 17:22:40,244 [WARN] ModelIntegratedComponent:63 - No mode defined for component null
2023-09-21 17:22:40,244 [WARN] ModelIntegratedComponent:63 - No mode defined for component null
2023-09-21 17:22:40,244 [WARN] ModelIntegratedComponent:63 - No mode defined for component null
2023-09-21 17:22:40,244 [WARN] ModelIntegratedComponent:63 - No mode defined for component null
2023-09-21 17:22:40,244 [WARN] ModelIntegratedComponent:63 - No mode defined for component null
2023-09-21 17:22:40,244 [WARN] ModelIntegratedComponent:63 - No mode defined for component null
2023-09-21 17:22:40,244 [WARN] ModelIntegratedComponent:63 - No mode defined for component null
2023-09-21 17:22:40,244 [WARN] ModelIntegratedComponent:63 - No mode defined for component null
2023-09-21 17:22:40,244 [WARN] ModelIntegratedComponent:63 - No mode defined for component null
2023-09-21 17:22:40,244 [WARN] ModelIntegratedComponent:63 - No mode defined for component null
2023-09-21 17:22:40,244 [WARN] ModelIntegratedComponent:63 - No mode defined for component null
2023-09-21 17:22:40,244 [WARN] ModelIntegratedComponent:63 - No mode defined for component null
2023-09-21 17:22:40,244 [WARN] ModelIntegratedComponent:63 - No mode defined for component null
2023-09-21 17:22:40,244 [WARN] ModelIntegratedComponent:63 - No mode defined for component null
2023-09-21 17:22:40,244 [WARN] ModelIntegratedComponent:63 - No mode defined for component null
2023-09-21 17:22:40,244 [WARN] ModelIntegratedComponent:63 - No mode defined for component null
2023-09-21 17:22:40,244 [WARN] ModelIntegratedComponent:63 - No mode defined for component null
2023-09-21 17:22:40,244 [WARN] ModelIntegratedComponent:63 - No mode defined for component null
2023-09-21 17:22:40,244 [WARN] ModelIntegratedComponent:63 - No mode defined for component null
2023-09-21 17:22:40,244 [WARN] ModelIntegratedComponent:63 - No mode defined for component null
2023-09-21 17:22:40,244 [WARN] ModelIntegratedComponent:63 - No mode defined for component null
2023-09-21 17:22:40,244 [WARN] ModelIntegratedComponent:63 - No mode defined for component null
2023-09-21 17:22:40,244 [WARN] ModelIntegratedComponent:63 - No mode defined for component null
2023-09-21 17:22:40,244 [WARN] ModelIntegratedComponent:63 - No mode defined for component null
2023-09-21 17:22:40,251 [INFO] ThirdPartyModel:298 - Start build external matchings
2023-09-21 17:22:40,460 [INFO] ThirdPartyModel:316 - End build external matchings
2023-09-21 17:22:40,475 [INFO] ImportTextPane:194 - (OptionalMessage_ERROR) IP (RCC) : Parameter (RTCHSEDivFreq_Value) has invalid value (4000000)
2023-09-21 17:22:40,663 [INFO] UtilMem:75 - End LoadConfig() Used Memory: 556335592 Bytes (665845760)
2023-09-21 17:22:40,690 [WARN] ThirdParty:833 - waiting for thirdparty lock release [change project]
2023-09-21 17:22:40,690 [INFO] ThirdParty:835 - entering critical section [change project]
2023-09-21 17:22:40,690 [INFO] ThirdParty:1030 - CMSIS Pack Vendor :STMicroelectronics X-CUBE-ISPU 1.1.0
2023-09-21 17:22:40,690 [INFO] ThirdParty:1030 - CMSIS Pack Vendor :STMicroelectronics X-CUBE-GNSS1 6.0.0
2023-09-21 17:22:40,690 [INFO] ThirdParty:1030 - CMSIS Pack Vendor :STMicroelectronics USB_HOST 2.0.0
2023-09-21 17:22:40,690 [INFO] ThirdParty:1030 - CMSIS Pack Vendor :STMicroelectronics X-CUBE-AZRTOS-F4 1.1.0
2023-09-21 17:22:40,690 [INFO] ThirdParty:1030 - CMSIS Pack Vendor :STMicroelectronics LIBJPEG 8.0.0
2023-09-21 17:22:40,690 [INFO] ThirdParty:1030 - CMSIS Pack Vendor :STMicroelectronics X-CUBE-SMBUS 2.1.0
2023-09-21 17:22:40,690 [INFO] ThirdParty:1030 - CMSIS Pack Vendor :wolfSSL I-CUBE-wolfSSL 5.6.0
2023-09-21 17:22:40,690 [INFO] ThirdParty:1030 - CMSIS Pack Vendor :STMicroelectronics USB_DEVICE 3.0.0
2023-09-21 17:22:40,690 [INFO] ThirdParty:1030 - CMSIS Pack Vendor :STMicroelectronics X-CUBE-AZRTOS-WB 2.0.0
2023-09-21 17:22:40,690 [INFO] ThirdParty:1030 - CMSIS Pack Vendor :STMicroelectronics X-CUBE-FREERTOS 1.0.1
2023-09-21 17:22:40,690 [INFO] ThirdParty:1030 - CMSIS Pack Vendor :STMicroelectronics X-CUBE-AZRTOS-F7 1.1.0
2023-09-21 17:22:40,690 [INFO] ThirdParty:1030 - CMSIS Pack Vendor :STMicroelectronics X-CUBE-TOUCHGFX 4.21.4
2023-09-21 17:22:40,690 [INFO] ThirdParty:1030 - CMSIS Pack Vendor :STMicroelectronics X-CUBE-AZRTOS-L5 2.0.0
2023-09-21 17:22:40,690 [INFO] ThirdParty:1030 - CMSIS Pack Vendor :STMicroelectronics USB_DEVICE 2.0.0
2023-09-21 17:22:40,690 [INFO] ThirdParty:1030 - CMSIS Pack Vendor :STMicroelectronics X-CUBE-MEMS1 9.6.0
2023-09-21 17:22:40,690 [INFO] ThirdParty:1030 - CMSIS Pack Vendor :STMicroelectronics FP-SNS-MOTENV1 4.3.2
2023-09-21 17:22:40,690 [INFO] ThirdParty:1030 - CMSIS Pack Vendor :STMicroelectronics FP-SNS-MOTENV1 4.3.1
2023-09-21 17:22:40,690 [INFO] ThirdParty:1030 - CMSIS Pack Vendor :STMicroelectronics FP-SNS-FLIGHT1 5.0.1
2023-09-21 17:22:40,690 [INFO] ThirdParty:1030 - CMSIS Pack Vendor :STMicroelectronics X-CUBE-ALGOBUILD 1.3.0
2023-09-21 17:22:40,690 [INFO] ThirdParty:1030 - CMSIS Pack Vendor :STMicroelectronics X-CUBE-BLE1 6.2.4
2023-09-21 17:22:40,690 [INFO] ThirdParty:1030 - CMSIS Pack Vendor :STMicroelectronics X-CUBE-AZRTOS-L5 1.1.0
2023-09-21 17:22:40,690 [INFO] ThirdParty:1030 - CMSIS Pack Vendor :STMicroelectronics FreeRTOS 0.0.1
2023-09-21 17:22:40,690 [INFO] ThirdParty:1030 - CMSIS Pack Vendor :STMicroelectronics X-CUBE-AZRTOS-G0 1.1.0
2023-09-21 17:22:40,691 [INFO] ThirdParty:1030 - CMSIS Pack Vendor :emotas I-CUBE-CANOPEN 1.1.3
2023-09-21 17:22:40,691 [INFO] ThirdParty:1030 - CMSIS Pack Vendor :STMicroelectronics X-CUBE-BLEMGR 2.0.0
2023-09-21 17:22:40,691 [INFO] ThirdParty:1030 - CMSIS Pack Vendor :STMicroelectronics X-CUBE-AI 8.0.1
2023-09-21 17:22:40,691 [INFO] ThirdParty:1030 - CMSIS Pack Vendor :STMicroelectronics X-CUBE-NFC4 3.0.0
2023-09-21 17:22:40,691 [INFO] ThirdParty:1030 - CMSIS Pack Vendor :STMicroelectronics X-CUBE-SUBG2 5.0.0
2023-09-21 17:22:40,691 [INFO] ThirdParty:1030 - CMSIS Pack Vendor :STMicroelectronics STM32_WPAN 1.0.0
2023-09-21 17:22:40,691 [INFO] ThirdParty:1030 - CMSIS Pack Vendor :STMicroelectronics lwIP 2.0.3
2023-09-21 17:22:40,691 [INFO] ThirdParty:1030 - CMSIS Pack Vendor :STMicroelectronics FP-SNS-FLIGHT1 5.0.2
2023-09-21 17:22:40,691 [INFO] ThirdParty:1030 - CMSIS Pack Vendor :STMicroelectronics USB_HOST 1.0.0
2023-09-21 17:22:40,691 [INFO] ThirdParty:1030 - CMSIS Pack Vendor :STMicroelectronics X-CUBE-TOF1 3.3.1
2023-09-21 17:22:40,691 [INFO] ThirdParty:1030 - CMSIS Pack Vendor :STMicroelectronics X-CUBE-AZRTOS-G4 2.0.0
2023-09-21 17:22:40,691 [INFO] ThirdParty:1030 - CMSIS Pack Vendor :STMicroelectronics PDM2PCM 3.1.0
2023-09-21 17:22:40,691 [INFO] ThirdParty:1030 - CMSIS Pack Vendor :STMicroelectronics X-CUBE-AZRTOS-H7 3.1.0
2023-09-21 17:22:40,691 [INFO] ThirdParty:1030 - CMSIS Pack Vendor :STMicroelectronics X-CUBE-TOF1 3.3.0
2023-09-21 17:22:40,691 [INFO] ThirdParty:1030 - CMSIS Pack Vendor :STMicroelectronics PDM2PCM 3.3.0
2023-09-21 17:22:40,691 [INFO] ThirdParty:1030 - CMSIS Pack Vendor :STMicroelectronics X-CUBE-DISPLAY 3.0.0
2023-09-21 17:22:40,691 [INFO] ThirdParty:1030 - CMSIS Pack Vendor :STMicroelectronics X-CUBE-BLE1 7.0.0
2023-09-21 17:22:40,691 [INFO] ThirdParty:1030 - CMSIS Pack Vendor :STMicroelectronics FP-ATR-SIGFOX1 3.2.0
2023-09-21 17:22:40,691 [INFO] ThirdParty:1030 - CMSIS Pack Vendor :STMicroelectronics HAL Drivers 0.0.0
2023-09-21 17:22:40,691 [INFO] ThirdParty:1030 - CMSIS Pack Vendor :STMicroelectronics MBEDTLS 2.16.2
2023-09-21 17:22:40,691 [INFO] ThirdParty:1030 - CMSIS Pack Vendor :STMicroelectronics X-CUBE-FREERTOS 1.1.0
2023-09-21 17:22:40,691 [INFO] ThirdParty:1030 - CMSIS Pack Vendor :STMicroelectronics X-CUBE-TOUCHGFX 4.22.0
2023-09-21 17:22:40,691 [INFO] ThirdParty:1030 - CMSIS Pack Vendor :STMicroelectronics X-CUBE-NFC7 1.0.1
2023-09-21 17:22:40,691 [INFO] ThirdParty:1030 - CMSIS Pack Vendor :STMicroelectronics MBEDTLS 2.14.1
2023-09-21 17:22:40,691 [INFO] ThirdParty:1030 - CMSIS Pack Vendor :STMicroelectronics X-CUBE-NFC6 3.0.0
2023-09-21 17:22:40,691 [INFO] ThirdParty:1030 - CMSIS Pack Vendor :STMicroelectronics X-CUBE-EEPRMA1 4.1.0
2023-09-21 17:22:40,691 [INFO] ThirdParty:1030 - CMSIS Pack Vendor :portGmbH I-Cube-SoM-uGOAL 1.1.0
2023-09-21 17:22:40,691 [INFO] ThirdParty:1030 - CMSIS Pack Vendor :STMicroelectronics X-CUBE-ALS 1.0.1
2023-09-21 17:22:40,691 [INFO] ThirdParty:1030 - CMSIS Pack Vendor :STMicroelectronics ThreadX 1.0.0
2023-09-21 17:22:40,691 [INFO] ThirdParty:1030 - CMSIS Pack Vendor :STMicroelectronics FP-SNS-SMARTAG2 1.2.0
2023-09-21 17:22:40,691 [INFO] ThirdParty:1030 - CMSIS Pack Vendor :STMicroelectronics X-CUBE-AZRTOS-WB 1.1.0
2023-09-21 17:22:40,691 [INFO] ThirdParty:1030 - CMSIS Pack Vendor :STMicroelectronics X-CUBE-AZRTOS-WL 2.0.0
2023-09-21 17:22:40,691 [INFO] ThirdParty:1030 - CMSIS Pack Vendor :SEGGER I-CUBE-embOS 1.3.1
2023-09-21 17:22:40,691 [INFO] ThirdParty:1030 - CMSIS Pack Vendor :STMicroelectronics USB_DEVICE 1.0.0
2023-09-21 17:22:40,691 [INFO] ThirdParty:1030 - CMSIS Pack Vendor :STMicroelectronics X-CUBE-AI 8.1.0
2023-09-21 17:22:40,691 [INFO] ThirdParty:1030 - CMSIS Pack Vendor :STMicroelectronics X-CUBE-AZRTOS-L4 2.0.0
2023-09-21 17:22:40,691 [INFO] ThirdParty:1030 - CMSIS Pack Vendor :STMicroelectronics ThreadX 0.0.2
2023-09-21 17:22:40,691 [INFO] ThirdParty:1030 - CMSIS Pack Vendor :WES I-CUBE-Cesium 1.3.0
2023-09-21 17:22:40,691 [INFO] ThirdParty:1030 - CMSIS Pack Vendor :STMicroelectronics FP-ATR-ASTRA1 2.0.0
2023-09-21 17:22:40,691 [INFO] ThirdParty:1030 - CMSIS Pack Vendor :STMicroelectronics lwIP 2.1.2
2023-09-21 17:22:40,691 [INFO] ThirdParty:1030 - CMSIS Pack Vendor :STMicroelectronics X-CUBE-SFXS2LP1 4.0.0
2023-09-21 17:22:40,691 [INFO] ThirdParty:1030 - CMSIS Pack Vendor :STMicroelectronics X-CUBE-BLE2 3.3.0
2023-09-21 17:22:40,691 [INFO] ThirdParty:1030 - CMSIS Pack Vendor :STMicroelectronics PDM2PCM 3.2.0
2023-09-21 17:22:40,691 [INFO] ThirdParty:841 - exiting critical section [change project]
2023-09-21 17:22:40,812 [INFO] PinOutPanel:1499 - setPackage(No Configuration,No Configuration)
2023-09-21 17:22:40,813 [INFO] PinOutPanel:1499 - setPackage(STM32F401RETx,LQFP64)
2023-09-21 17:22:41,006 [INFO] UtilMem:75 - Before build in PCC Used Memory: 620331824 Bytes (747634688)
2023-09-21 17:22:41,185 [INFO] UtilMem:75 - After build in PCC Used Memory: 595713184 Bytes (747634688)
2023-09-21 17:22:41,201 [INFO] IPUIPlugin:80 - create IPUIPlugin
2023-09-21 17:22:41,201 [INFO] IPUIPlugin:80 - create IPUIPlugin
2023-09-21 17:22:41,201 [INFO] IPUIPlugin:80 - create IPUIPlugin
2023-09-21 17:22:41,201 [INFO] IPUIPlugin:80 - create IPUIPlugin
2023-09-21 17:22:41,201 [INFO] IPUIPlugin:80 - create IPUIPlugin
2023-09-21 17:22:41,201 [INFO] IPUIPlugin:80 - create IPUIPlugin
2023-09-21 17:22:41,201 [INFO] IPUIPlugin:80 - create IPUIPlugin
2023-09-21 17:22:41,201 [INFO] IPUIPlugin:80 - create IPUIPlugin
2023-09-21 17:22:41,202 [INFO] IPUIPlugin:80 - create IPUIPlugin
2023-09-21 17:22:41,202 [INFO] IPUIPlugin:80 - create IPUIPlugin
2023-09-21 17:22:41,202 [INFO] IPUIPlugin:80 - create IPUIPlugin
2023-09-21 17:22:41,202 [INFO] IPUIPlugin:80 - create IPUIPlugin
2023-09-21 17:22:41,202 [INFO] IPUIPlugin:80 - create IPUIPlugin
2023-09-21 17:22:41,202 [INFO] IPUIPlugin:80 - create IPUIPlugin
2023-09-21 17:22:41,202 [INFO] IPUIPlugin:80 - create IPUIPlugin
2023-09-21 17:22:41,202 [INFO] IPUIPlugin:80 - create IPUIPlugin
2023-09-21 17:22:41,202 [INFO] IPUIPlugin:80 - create IPUIPlugin
2023-09-21 17:22:41,202 [INFO] IPUIPlugin:80 - create IPUIPlugin
2023-09-21 17:22:41,203 [INFO] IPUIPlugin:80 - create IPUIPlugin
2023-09-21 17:22:41,203 [INFO] IPUIPlugin:80 - create IPUIPlugin
2023-09-21 17:22:41,203 [INFO] IPUIPlugin:80 - create IPUIPlugin
2023-09-21 17:22:41,203 [INFO] IPUIPlugin:80 - create IPUIPlugin
2023-09-21 17:22:41,203 [INFO] IPUIPlugin:80 - create IPUIPlugin
2023-09-21 17:22:41,203 [INFO] IPUIPlugin:80 - create IPUIPlugin
2023-09-21 17:22:41,203 [INFO] IPUIPlugin:80 - create IPUIPlugin
2023-09-21 17:22:41,203 [INFO] IPUIPlugin:80 - create IPUIPlugin
2023-09-21 17:22:41,203 [INFO] IPUIPlugin:80 - create IPUIPlugin
2023-09-21 17:22:41,204 [INFO] IPUIPlugin:80 - create IPUIPlugin
2023-09-21 17:22:41,204 [INFO] IPUIPlugin:80 - create IPUIPlugin
2023-09-21 17:22:41,204 [INFO] IPUIPlugin:80 - create IPUIPlugin
2023-09-21 17:22:41,204 [INFO] IPUIPlugin:80 - create IPUIPlugin
2023-09-21 17:22:41,205 [INFO] IPUIPlugin:80 - create IPUIPlugin
2023-09-21 17:22:41,205 [INFO] IPUIPlugin:80 - create IPUIPlugin
2023-09-21 17:22:41,205 [INFO] IPUIPlugin:80 - create IPUIPlugin
2023-09-21 17:22:41,206 [INFO] IPUIPlugin:80 - create IPUIPlugin
2023-09-21 17:22:41,206 [INFO] IPUIPlugin:80 - create IPUIPlugin
2023-09-21 17:22:41,206 [INFO] IPUIPlugin:80 - create IPUIPlugin
2023-09-21 17:22:41,207 [INFO] IPUIPlugin:80 - create IPUIPlugin
2023-09-21 17:22:41,208 [INFO] ApiDbMcu:507 - Load IP Config File for PDM2PCM
2023-09-21 17:22:41,253 [INFO] CADModel:165 - CPN selected for project levelSTM32F401RET6
2023-09-21 17:22:41,253 [INFO] CADModel:114 - Register for checkConnection events
2023-09-21 17:22:41,319 [INFO] OpenFileManager:328 - Restore cursor
2023-09-21 17:27:13,039 [INFO] UtilMem:75 - End SaveConfig() Used Memory: 596108208 Bytes (747634688)
2023-09-21 17:27:13,086 [INFO] UtilMem:75 - End SaveConfig() Used Memory: 611189208 Bytes (747634688)
2023-09-21 17:27:15,195 [INFO] UtilMem:75 - End SaveConfig() Used Memory: 652652456 Bytes (747634688)
2023-09-21 17:27:15,600 [INFO] BlockDiagram:2759 - set Specific Code input for plugin: NVIC
2023-09-21 17:27:15,600 [INFO] BlockDiagram:2759 - set Specific Code input for plugin: USART
2023-09-21 17:27:15,600 [INFO] BlockDiagram:2759 - set Specific Code input for plugin: USART
2023-09-21 17:27:15,600 [INFO] BlockDiagram:2759 - set Specific Code input for plugin: SYS
2023-09-21 17:27:15,601 [INFO] BlockDiagram:2759 - set Specific Code input for plugin: GPIO
2023-09-21 17:27:15,601 [INFO] BlockDiagram:2759 - set Specific Code input for plugin: RCC
2023-09-21 17:27:15,602 [INFO] CodeGenerator:793 - code generatio: config db path: C:\ST\STM32CubeIDE_1.12.1\STM32CubeIDE\plugins\com.st.stm32cube.common.mx_6.8.1.202304191431\\db\
2023-09-21 17:27:15,860 [INFO] CodeEngine:255 - oldGeneratedFile, C:\Users\sande\STM32CubeIDE\Nucleo_Bootloader\Bootloader\MXTmpFiles\license.tmp_save
2023-09-21 17:27:16,329 [INFO] CodeEngine:279 - Generated code: C:\Users\sande\STM32CubeIDE\Nucleo_Bootloader\Bootloader\MXTmpFiles\license.tmp
2023-09-21 17:27:16,384 [INFO] CodeEngine:255 - oldGeneratedFile, C:\Users\sande\STM32CubeIDE\Nucleo_Bootloader\Bootloader\MXTmpFiles\gpio.tmp_save
2023-09-21 17:27:16,523 [INFO] CodeEngine:279 - Generated code: C:\Users\sande\STM32CubeIDE\Nucleo_Bootloader\Bootloader\MXTmpFiles\gpio.tmp
2023-09-21 17:27:16,642 [INFO] CodeEngine:255 - oldGeneratedFile, C:\Users\sande\STM32CubeIDE\Nucleo_Bootloader\Bootloader\Core\Src\stm32f4xx_it.c_save
2023-09-21 17:27:16,771 [INFO] CodeEngine:279 - Generated code: C:\Users\sande\STM32CubeIDE\Nucleo_Bootloader\Bootloader\Core\Src\stm32f4xx_it.c
2023-09-21 17:27:16,783 [INFO] CodeEngine:255 - oldGeneratedFile, C:\Users\sande\STM32CubeIDE\Nucleo_Bootloader\Bootloader\Core\Inc\stm32f4xx_it.h_save
2023-09-21 17:27:16,843 [INFO] CodeEngine:279 - Generated code: C:\Users\sande\STM32CubeIDE\Nucleo_Bootloader\Bootloader\Core\Inc\stm32f4xx_it.h
2023-09-21 17:27:16,863 [INFO] CodeEngine:255 - oldGeneratedFile, C:\Users\sande\STM32CubeIDE\Nucleo_Bootloader\Bootloader\Core\Src\stm32f4xx_hal_msp.c_save
2023-09-21 17:27:16,990 [INFO] CodeEngine:279 - Generated code: C:\Users\sande\STM32CubeIDE\Nucleo_Bootloader\Bootloader\Core\Src\stm32f4xx_hal_msp.c
2023-09-21 17:27:16,998 [INFO] CodeEngine:255 - oldGeneratedFile, C:\Users\sande\STM32CubeIDE\Nucleo_Bootloader\Bootloader\MXTmpFiles\system.tmp_save
2023-09-21 17:27:17,068 [INFO] CodeEngine:279 - Generated code: C:\Users\sande\STM32CubeIDE\Nucleo_Bootloader\Bootloader\MXTmpFiles\system.tmp
2023-09-21 17:27:17,088 [INFO] CodeEngine:311 - oldGeneratedFile, C:\Users\sande\STM32CubeIDE\Nucleo_Bootloader\Bootloader\Core\Inc\stm32f4xx_hal_conf.h_save
2023-09-21 17:27:17,177 [INFO] CodeEngine:335 - Generated code: C:\Users\sande\STM32CubeIDE\Nucleo_Bootloader\Bootloader\Core\Inc\stm32f4xx_hal_conf.h
2023-09-21 17:27:17,223 [INFO] CodeEngine:255 - oldGeneratedFile, C:\Users\sande\STM32CubeIDE\Nucleo_Bootloader\Bootloader\Core\Inc\main.h_save
2023-09-21 17:27:17,323 [INFO] CodeEngine:279 - Generated code: C:\Users\sande\STM32CubeIDE\Nucleo_Bootloader\Bootloader\Core\Inc\main.h
2023-09-21 17:27:17,337 [INFO] CodeEngine:255 - oldGeneratedFile, C:\Users\sande\STM32CubeIDE\Nucleo_Bootloader\Bootloader\Core\Src\main.c_save
2023-09-21 17:27:17,464 [INFO] CodeEngine:279 - Generated code: C:\Users\sande\STM32CubeIDE\Nucleo_Bootloader\Bootloader\Core\Src\main.c
2023-09-21 17:27:17,998 [INFO] ProjectBuilder:2996 - Time for Copy HAL[1] : 106mS.
2023-09-21 17:27:18,008 [INFO] ProjectBuilder:4304 - Project Generator version: 3.19.2
2023-09-21 17:27:18,285 [INFO] ConfigFileManager:1483 - The Die is : DIE433
2023-09-21 17:27:18,297 [INFO] ApiDbMcu:507 - Load IP Config File for FATFS
2023-09-21 17:27:18,309 [INFO] ApiDbMcu:507 - Load IP Config File for FREERTOS
2023-09-21 17:27:18,318 [INFO] ApiDbMcu:507 - Load IP Config File for LIBJPEG
2023-09-21 17:27:18,328 [INFO] ApiDbMcu:507 - Load IP Config File for MBEDTLS
2023-09-21 17:27:18,340 [INFO] ApiDbMcu:507 - Load IP Config File for USB_DEVICE
2023-09-21 17:27:18,348 [INFO] ApiDbMcu:507 - Load IP Config File for USB_HOST
2023-09-21 17:27:19,274 [INFO] LogOutputStream:77 - [STDOUT_REDIRECT] 
2023-09-21 17:27:20,409 [INFO] ProjectBuilder:4505 - Time for Generating toolchain IDE Files: 2400mS.
2023-09-21 17:27:20,410 [INFO] ProjectBuilder:2867 - Time for Copy CMSIS : 1mS.
2023-09-21 17:27:20,411 [INFO] ProjectBuilder:2867 - Time for Copy CMSIS : 0mS.
